#
# A fatal error has been detected by the Java Runtime Environment:
#
#  SIGBUS (0xa) at pc=0x000000011c85f74d, pid=2448, tid=259
#
# JRE version: Java(TM) SE Runtime Environment (14.0.2+12) (build 14.0.2+12-46)
# Java VM: Java HotSpot(TM) 64-Bit Server VM (14.0.2+12-46, mixed mode, sharing, tiered, compressed oops, g1 gc, bsd-amd64)
# Problematic frame:
# J 2238 c1 javafx.event.Event.<init>(Ljava/lang/Object;Ljavafx/event/EventTarget;Ljavafx/event/EventType;)V javafx.base (36 bytes) @ 0x000000011c85f74d [0x000000011c85f4e0+0x000000000000026d]
#
# No core dump will be written. Core dumps have been disabled. To enable core dumping, try "ulimit -c unlimited" before starting Java again
#
# If you would like to submit a bug report, please visit:
#   https://bugreport.java.com/bugreport/crash.jsp
# The crash happened outside the Java Virtual Machine in native code.
# See problematic frame for where to report the bug.
#

---------------  S U M M A R Y ------------

Command Line: --module-path=/Users/NielsRHolm/Desktop/dev/prog/Java/Libraries/JavaFx/javafx-sdk-14.0.2.1/lib --add-modules=javafx.base,javafx.fxml,javafx.controls,javafx.graphics,javafx.media --add-modules=javafx.base,javafx.graphics --add-reads=javafx.base=ALL-UNNAMED --add-reads=javafx.graphics=ALL-UNNAMED -Djava.library.path=/Users/NielsRHolm/Desktop/dev/prog/Java/Libraries/javafx-sdk-17.0.1/lib -javaagent:/Applications/IntelliJ IDEA.app/Contents/lib/idea_rt.jar=50835:/Applications/IntelliJ IDEA.app/Contents/bin -Dfile.encoding=UTF-8 Main.Main

Host: MacBookPro12,1 x86_64 2700 MHz, 4 cores, 8G, Darwin 21.1.0
Time: Sat Jan 15 15:35:37 2022 CET elapsed time: 26 seconds (0d 0h 0m 26s)

---------------  T H R E A D  ---------------

Current thread (0x00007fd666989000):  JavaThread "JavaFX Application Thread" [_thread_in_native, id=259, stack(0x00007ff7b4086000,0x00007ff7b4886000)]

Stack: [0x00007ff7b4086000,0x00007ff7b4886000],  sp=0x00007ff7b4881ad8,  free space=8174k
Native frames: (J=compiled Java code, A=aot compiled Java code, j=interpreted, Vv=VM code, C=native code)
J 2238 c1 javafx.event.Event.<init>(Ljava/lang/Object;Ljavafx/event/EventTarget;Ljavafx/event/EventType;)V javafx.base (36 bytes) @ 0x000000011c85f74d [0x000000011c85f4e0+0x000000000000026d]

[error occurred during error reporting (printing native stack), id 0xb, SIGSEGV (0xb) at pc=0x000000010c75786f]


siginfo: si_signo: 10 (SIGBUS), si_code: 2 (BUS_ADRERR), si_addr: 0x000000010b7b4008

Register to memory mapping:

RAX=0x00000000000003f7 is an unknown value
RBX=0x00000000000003fe is an unknown value
RCX=0x0000000780420878 is an oop: javafx.event.Event$$Lambda$171/0x0000000800c4e840 
{0x0000000780420878} - klass: 'javafx/event/Event$$Lambda$171'
RDX=0x0000000000000049 is an unknown value
RSP=0x00007ff7b4881ad8 is pointing into the stack for thread: 0x00007fd666989000
RBP=0x00007ff7b4881b58 is pointing into the stack for thread: 0x00007fd666989000
RSI=0x0000000784880a60 is an oop: javafx.scene.input.KeyEvent 
{0x0000000784880a60} - klass: 'javafx/scene/input/KeyEvent'
RDI=0x0000000000000170 is an unknown value
R8 =0x00000007801c37e0 is an oop: javafx.event.EventType 
{0x00000007801c37e0} - klass: 'javafx/event/EventType'
R9 =4027094121 is a compressed pointer to object: java.util.HashMap$Node 
{0x000000078044a348} - klass: 'java/util/HashMap$Node'
R10=0x000000010b7b4008 is an unknown value
R11=0x000000011c85f520 is at entry_point+64 in (nmethod*)0x000000011c85f310
R12=0x0 is NULL
R13=0x00007ff7b4881af0 is pointing into the stack for thread: 0x00007fd666989000
R14=0x00007ff7b4881b70 is pointing into the stack for thread: 0x00007fd666989000
R15=0x00007fd666989000 is a thread


Registers:
RAX=0x00000000000003f7, RBX=0x00000000000003fe, RCX=0x0000000780420878, RDX=0x0000000000000049
RSP=0x00007ff7b4881ad8, RBP=0x00007ff7b4881b58, RSI=0x0000000784880a60, RDI=0x0000000000000170
R8 =0x00000007801c37e0, R9 =0x00000000f0089469, R10=0x000000010b7b4008, R11=0x000000011c85f520
R12=0x0000000000000000, R13=0x00007ff7b4881af0, R14=0x00007ff7b4881b70, R15=0x00007fd666989000
RIP=0x000000011c85f74d, EFLAGS=0x0000000000010202, ERR=0x0000000000000004
  TRAPNO=0x000000000000000e

Top of Stack: (sp=0x00007ff7b4881ad8)
0x00007ff7b4881ad8:   000000011beedef3 00006000026c4010
0x00007ff7b4881ae8:   000000011beedef3 00000007801c37e0
0x00007ff7b4881af8:   0000000000000000 0000000000000000
0x00007ff7b4881b08:   0000000784880a60 00007ff7b4881b10
0x00007ff7b4881b18:   000000012b556a94 00007ff7b4881b70
0x00007ff7b4881b28:   0000000131f47990 0000000000000000
0x00007ff7b4881b38:   00000007804207f8 000000012b556aa8
0x00007ff7b4881b48:   00007ff7b4881af0 00007ff7b4881b68
0x00007ff7b4881b58:   00007ff7b4881bc0 000000011beedef3
0x00007ff7b4881b68:   00000007801c37e0 0000000784880a60
0x00007ff7b4881b78:   00007ff7b4881b78 000000012b5da9fa
0x00007ff7b4881b88:   00007ff7b4881bd8 000000013203c0a8
0x00007ff7b4881b98:   0000000000000000 000000078060a200
0x00007ff7b4881ba8:   000000012b5daa10 00007ff7b4881b68
0x00007ff7b4881bb8:   00007ff7b4881bd0 00007ff7b4881c28
0x00007ff7b4881bc8:   000000011beedef3 00000007801c37e0
0x00007ff7b4881bd8:   0000000784880a60 00007ff7b4881be0
0x00007ff7b4881be8:   0000000131f461c2 00007ff7b4881c80
0x00007ff7b4881bf8:   0000000133bfa0c0 0000000000000000
0x00007ff7b4881c08:   00000007804a2570 0000000131f46238
0x00007ff7b4881c18:   00007ff7b4881bd0 00007ff7b4881c40
0x00007ff7b4881c28:   00007ff7b4881cd8 000000011beedef3
0x00007ff7b4881c38:   0000000000000000 0000000000000000
0x00007ff7b4881c48:   0000000000000000 0000000000000000
0x00007ff7b4881c58:   0000000000000000 00000007801d8ca0
0x00007ff7b4881c68:   0000000784880a48 0000000784880a48
0x00007ff7b4881c78:   00000007801c37e0 0000000784880a60
0x00007ff7b4881c88:   0000000784880a60 00007ff7b4881c90
0x00007ff7b4881c98:   0000000131f8e913 00007ff7b4881d38
0x00007ff7b4881ca8:   0000000131f8ec38 0000000000000000
0x00007ff7b4881cb8:   00000007806750c0 0000000131f8ea80
0x00007ff7b4881cc8:   00007ff7b4881c40 00007ff7b4881d38 

Instructions: (pc=0x000000011c85f74d)
0x000000011c85f64d:   00 00 48 8b 1c 07 48 8d 5b 01 48 89 1c 07 0f 84
0x000000011c85f65d:   f0 00 00 00 41 0f be 7f 30 83 ff 00 0f 85 f2 01
0x000000011c85f66d:   00 00 4c 8b d2 49 c1 ea 03 44 89 56 0c 48 8b fe
0x000000011c85f67d:   48 33 fa 48 c1 ef 14 48 83 ff 00 0f 85 f2 01 00
0x000000011c85f68d:   00 48 83 f9 00 48 ba 10 bf 17 32 01 00 00 00 48
0x000000011c85f69d:   bf 70 01 00 00 00 00 00 00 0f 84 0a 00 00 00 48
0x000000011c85f6ad:   bf 80 01 00 00 00 00 00 00 48 8b 04 3a 48 8d 40
0x000000011c85f6bd:   01 48 89 04 3a 0f 84 15 00 00 00 48 ba 10 bf 17
0x000000011c85f6cd:   32 01 00 00 00 ff 82 90 01 00 00 e9 0a 00 00 00
0x000000011c85f6dd:   48 b9 78 08 42 80 07 00 00 00 41 0f be 57 30 83
0x000000011c85f6ed:   fa 00 0f 85 a3 01 00 00 4c 8b d1 49 c1 ea 03 44
0x000000011c85f6fd:   89 56 18 48 8b d6 48 33 d1 48 c1 ea 14 48 83 fa
0x000000011c85f70d:   00 0f 85 a3 01 00 00 41 0f be 57 30 83 fa 00 0f
0x000000011c85f71d:   85 ad 01 00 00 4d 8b d0 49 c1 ea 03 44 89 56 14
0x000000011c85f72d:   48 8b d6 49 33 d0 48 c1 ea 14 48 83 fa 00 0f 85
0x000000011c85f73d:   ad 01 00 00 48 83 c4 70 5d 4d 8b 97 10 01 00 00
0x000000011c85f74d:   41 85 02 c3 4c 89 44 24 58 48 89 4c 24 48 48 89
0x000000011c85f75d:   74 24 50 e9 b0 01 00 00 00 00 00 00 00 49 8b 87
0x000000011c85f76d:   20 01 00 00 48 8d 78 28 49 3b bf 30 01 00 00 0f
0x000000011c85f77d:   87 9d 01 00 00 49 89 bf 20 01 00 00 48 8b 8a b8
0x000000011c85f78d:   00 00 00 48 89 08 48 8b ca 49 bc 00 00 00 00 08
0x000000011c85f79d:   00 00 00 49 2b cc 48 c1 e9 03 4d 33 e4 89 48 08
0x000000011c85f7ad:   48 33 c9 89 48 0c 48 33 c9 48 89 48 10 48 89 48
0x000000011c85f7bd:   18 48 89 48 20 48 8b d0 48 be 48 61 14 32 01 00
0x000000011c85f7cd:   00 00 48 83 86 58 01 00 00 01 48 ba 20 f2 81 80
0x000000011c85f7dd:   07 00 00 00 48 8b f0 48 89 44 24 40 66 0f 1f 44
0x000000011c85f7ed:   00 00 e8 0c f2 6c ff 48 8b 44 24 40 e9 59 01 00
0x000000011c85f7fd:   00 49 ba 88 6b 55 2b 01 00 00 00 4c 89 54 24 08
0x000000011c85f80d:   48 c7 04 24 ff ff ff ff e8 e6 15 78 ff e9 35 fd
0x000000011c85f81d:   ff ff 49 ba c0 45 0d 2b 01 00 00 00 4c 89 54 24
0x000000011c85f82d:   08 48 c7 04 24 ff ff ff ff e8 c5 15 78 ff e9 aa
0x000000011c85f83d:   fd ff ff 49 ba 50 06 3e 00 08 00 00 00 4c 89 54 


Stack slot to memory mapping:
stack at sp + 0 slots: 0x000000011beedef3 is at code_begin+2355 in an Interpreter codelet
invoke return entry points  [0x000000011beed5c0, 0x000000011beedfe0]  2592 bytes
stack at sp + 1 slots: 0x00006000026c4010 points into unknown readable memory: 58 54 55 4d 00 00 00 00
stack at sp + 2 slots: 0x000000011beedef3 is at code_begin+2355 in an Interpreter codelet
invoke return entry points  [0x000000011beed5c0, 0x000000011beedfe0]  2592 bytes
stack at sp + 3 slots: 0x00000007801c37e0 is an oop: javafx.event.EventType 
{0x00000007801c37e0} - klass: 'javafx/event/EventType'
stack at sp + 4 slots: 0x0 is NULL
stack at sp + 5 slots: 0x0 is NULL
stack at sp + 6 slots: 0x0000000784880a60 is an oop: javafx.scene.input.KeyEvent 
{0x0000000784880a60} - klass: 'javafx/scene/input/KeyEvent'
stack at sp + 7 slots: 0x00007ff7b4881b10 is pointing into the stack for thread: 0x00007fd666989000

--------------------------------------------------------------------------------
[Constant Pool (empty)]

--------------------------------------------------------------------------------

[MachCode]
  0x000000011c85f4e0: 448b 5608 | 49c1 e203 | 49bc 0000 | 0000 0800 | 0000 4d03 | d44d 33e4 | 4c3b d00f | 85ff f76c 
  0x000000011c85f500: ff66 6666 | 0f1f 8400 | 0000 0000 | 6666 6690 | 6666 660f | 1f84 0000 | 0000 0066 | 6666 9090 
  0x000000011c85f520: 8984 2400 | c0fe ff55 | 4883 ec70 | 48bf 10bf | 1732 0100 | 0000 8b87 | e400 0000 | 83c0 0889 
  0x000000011c85f540: 87e4 0000 | 0081 e0f8 | 1f00 0083 | f800 0f84 | aa02 0000 | 4883 fa00 | 48bf 10bf | 1732 0100 
  0x000000011c85f560: 0000 48b8 | 2801 0000 | 0000 0000 | 0f84 0a00 | 0000 48b8 | 3801 0000 | 0000 0000 | 488b 1c07 
  0x000000011c85f580: 488d 5b01 | 4889 1c07 | 0f84 1500 | 0000 48bf | 10bf 1732 | 0100 0000 | ff87 4801 | 0000 e90a 
  0x000000011c85f5a0: 0000 0048 | ba78 0842 | 8007 0000 | 0048 8bfe | 48b8 10bf | 1732 0100 | 0000 4883 | 8060 0100 
  0x000000011c85f5c0: 0001 48bf | 4861 1432 | 0100 0000 | 8b87 e400 | 0000 83c0 | 0889 87e4 | 0000 0081 | e0f8 ff7f 
  0x000000011c85f5e0: 0083 f800 | 0f84 3502 | 0000 488b | fe48 b848 | 6114 3201 | 0000 0048 | 8380 2801 | 0000 0148 
  0x000000011c85f600: bf78 ddee | 2a01 0000 | 008b 87e4 | 0000 0083 | c008 8987 | e400 0000 | 81e0 f8ff | 7f00 83f8 
  0x000000011c85f620: 000f 8419 | 0200 0048 | 83fa 0048 | bf48 6114 | 3201 0000 | 0048 b848 | 0100 0000 | 0000 000f 
  0x000000011c85f640: 840a 0000 | 0048 b838 | 0100 0000 | 0000 0048 | 8b1c 0748 | 8d5b 0148 | 891c 070f | 84f0 0000 
  0x000000011c85f660: 0041 0fbe | 7f30 83ff | 000f 85f2 | 0100 004c | 8bd2 49c1 | ea03 4489 | 560c 488b | fe48 33fa 
  0x000000011c85f680: 48c1 ef14 | 4883 ff00 | 0f85 f201 | 0000 4883 | f900 48ba | 10bf 1732 | 0100 0000 | 48bf 7001 
  0x000000011c85f6a0: 0000 0000 | 0000 0f84 | 0a00 0000 | 48bf 8001 | 0000 0000 | 0000 488b | 043a 488d | 4001 4889 
  0x000000011c85f6c0: 043a 0f84 | 1500 0000 | 48ba 10bf | 1732 0100 | 0000 ff82 | 9001 0000 | e90a 0000 | 0048 b978 
  0x000000011c85f6e0: 0842 8007 | 0000 0041 | 0fbe 5730 | 83fa 000f | 85a3 0100 | 004c 8bd1 | 49c1 ea03 | 4489 5618 
  0x000000011c85f700: 488b d648 | 33d1 48c1 | ea14 4883 | fa00 0f85 | a301 0000 | 410f be57 | 3083 fa00 | 0f85 ad01 
  0x000000011c85f720: 0000 4d8b | d049 c1ea | 0344 8956 | 1448 8bd6 | 4933 d048 | c1ea 1448 | 83fa 000f | 85ad 0100 
  0x000000011c85f740: 0048 83c4 | 705d 4d8b | 9710 0100 | 0041 8502 | c34c 8944 | 2458 4889 | 4c24 4848 | 8974 2450 
  0x000000011c85f760: e9b0 0100 | 0000 0000 | 0000 498b | 8720 0100 | 0048 8d78 | 2849 3bbf | 3001 0000 | 0f87 9d01 
  0x000000011c85f780: 0000 4989 | bf20 0100 | 0048 8b8a | b800 0000 | 4889 0848 | 8bca 49bc | 0000 0000 | 0800 0000 
  0x000000011c85f7a0: 492b cc48 | c1e9 034d | 33e4 8948 | 0848 33c9 | 8948 0c48 | 33c9 4889 | 4810 4889 | 4818 4889 
  0x000000011c85f7c0: 4820 488b | d048 be48 | 6114 3201 | 0000 0048 | 8386 5801 | 0000 0148 | ba20 f281 | 8007 0000 
  0x000000011c85f7e0: 0048 8bf0 | 4889 4424 | 4066 0f1f | 4400 00e8 | 0cf2 6cff | 488b 4424 | 40e9 5901 | 0000 49ba 
  0x000000011c85f800: 886b 552b | 0100 0000 | 4c89 5424 | 0848 c704 | 24ff ffff | ffe8 e615 | 78ff e935 | fdff ff49 
  0x000000011c85f820: bac0 450d | 2b01 0000 | 004c 8954 | 2408 48c7 | 0424 ffff | ffff e8c5 | 1578 ffe9 | aafd ffff 
  0x000000011c85f840: 49ba 5006 | 3e00 0800 | 0000 4c89 | 5424 0848 | c704 24ff | ffff ffe8 | a415 78ff | e9c6 fdff 
  0x000000011c85f860: ff8b 7e0c | 48c1 e703 | 4883 ff00 | 0f84 fdfd | ffff 4889 | 3c24 e885 | 0f78 ffe9 | effd ffff 
  0x000000011c85f880: 4883 fa00 | 0f84 04fe | ffff 4889 | 3424 e86d | 0c78 ffe9 | f6fd ffff | 8b56 1848 | c1e2 0348 
  0x000000011c85f8a0: 83fa 000f | 844c feff | ff48 8914 | 24e8 4e0f | 78ff e93e | feff ff48 | 83f9 000f | 8453 feff 
  0x000000011c85f8c0: ff48 8934 | 24e8 360c | 78ff e945 | feff ff8b | 5614 48c1 | e203 4883 | fa00 0f84 | 42fe ffff 
  0x000000011c85f8e0: 4889 1424 | e817 0f78 | ffe9 34fe | ffff 4983 | f800 0f84 | 49fe ffff | 4889 3424 | e8ff 0b78 
  0x000000011c85f900: ffe9 3bfe | ffff 48ba | 0000 0000 | 0000 0000 | b800 0f05 | 0ae8 e642 | 78ff e941 | feff ff48 
  0x000000011c85f920: 8bd2 e859 | f16e ffe9 | 96fe ffff | 9090 498b | 87e8 0300 | 0049 ba00 | 0000 0000 | 0000 004d 
  0x000000011c85f940: 8997 e803 | 0000 49ba | 0000 0000 | 0000 0000 | 4d89 97f0 | 0300 0048 | 83c4 705d | e91f fa6e 
  0x000000011c85f960: fff4 f4f4 | f4f4 f4f4 | f4f4 f4f4 | f4f4 f4f4 | f4f4 f4f4 | f4f4 f4f4 | f4f4 f4f4 | f4f4 f4f4 
  0x000000011c85f980: 0f1f 4400 | 0048 bb00 | 0000 0000 | 0000 00e9 | fbff ffff | e867 0178 | ff48 bfda | 8dca 0c01 
  0x000000011c85f9a0: 0000 0048 | 83e4 f0e8 | 841c 19f0 | f449 baad | f985 1c01 | 0000 0041 | 52e9 e2d6 | 6cff f4f4 
[/MachCode]
--------------------------------------------------------------------------------


---------------  P R O C E S S  ---------------

Threads class SMR info:
_java_thread_list=0x0000600001d354e0, length=25, elements={
0x00007fd66601e800, 0x00007fd666853800, 0x00007fd666854800, 0x00007fd66501b000,
0x00007fd665019800, 0x00007fd66501e000, 0x00007fd665037000, 0x00007fd66703e800,
0x00007fd666065000, 0x00007fd667094000, 0x00007fd66501c000, 0x00007fd667099000,
0x00007fd6660cf800, 0x00007fd6650fa000, 0x00007fd666989000, 0x00007fd666146000,
0x00007fd66699a800, 0x00007fd66614d000, 0x00007fd66510e000, 0x00007fd6670e8000,
0x00007fd666d0a000, 0x00007fd6652b3000, 0x00007fd6652af800, 0x00007fd667059000,
0x00007fd6651e1000
}

Java Threads: ( => current thread )
  0x00007fd66601e800 JavaThread "main" [_thread_blocked, id=9475, stack(0x0000700009c2a000,0x0000700009d2a000)]
  0x00007fd666853800 JavaThread "Reference Handler" daemon [_thread_blocked, id=15363, stack(0x000070000a33f000,0x000070000a43f000)]
  0x00007fd666854800 JavaThread "Finalizer" daemon [_thread_blocked, id=18435, stack(0x000070000a442000,0x000070000a542000)]
  0x00007fd66501b000 JavaThread "Signal Dispatcher" daemon [_thread_blocked, id=22019, stack(0x000070000a64b000,0x000070000a74b000)]
  0x00007fd665019800 JavaThread "Service Thread" daemon [_thread_blocked, id=22275, stack(0x000070000a74e000,0x000070000a84e000)]
  0x00007fd66501e000 JavaThread "C2 CompilerThread0" daemon [_thread_blocked, id=42499, stack(0x000070000a851000,0x000070000a951000)]
  0x00007fd665037000 JavaThread "C1 CompilerThread0" daemon [_thread_blocked, id=23299, stack(0x000070000a954000,0x000070000aa54000)]
  0x00007fd66703e800 JavaThread "Sweeper thread" daemon [_thread_blocked, id=41475, stack(0x000070000aa57000,0x000070000ab57000)]
  0x00007fd666065000 JavaThread "Common-Cleaner" daemon [_thread_blocked, id=41219, stack(0x000070000ab5a000,0x000070000ac5a000)]
  0x00007fd667094000 JavaThread "Attach Listener" daemon [_thread_blocked, id=24067, stack(0x000070000ac5d000,0x000070000ad5d000)]
  0x00007fd66501c000 JavaThread "Monitor Ctrl-Break" daemon [_thread_in_native, id=24323, stack(0x000070000ad60000,0x000070000ae60000)]
  0x00007fd667099000 JavaThread "Notification Thread" daemon [_thread_blocked, id=39939, stack(0x000070000ae63000,0x000070000af63000)]
  0x00007fd6660cf800 JavaThread "QuantumRenderer-0" daemon [_thread_blocked, id=25347, stack(0x000070000b069000,0x000070000b169000)]
  0x00007fd6650fa000 JavaThread "InvokeLaterDispatcher" daemon [_thread_blocked, id=35587, stack(0x000070000b372000,0x000070000b472000)]
=>0x00007fd666989000 JavaThread "JavaFX Application Thread" [_thread_in_native, id=259, stack(0x00007ff7b4086000,0x00007ff7b4886000)]
  0x00007fd666146000 JavaThread "Thread-2" [_thread_blocked, id=54791, stack(0x000070000b681000,0x000070000b781000)]
  0x00007fd66699a800 JavaThread "Thread-3" [_thread_in_native, id=55043, stack(0x000070000b784000,0x000070000b884000)]
  0x00007fd66614d000 JavaThread "JavaFX-Launcher" [_thread_blocked, id=71171, stack(0x000070000b887000,0x000070000b987000)]
  0x00007fd66510e000 JavaThread "Prism Font Disposer" daemon [_thread_blocked, id=63771, stack(0x000070000bc13000,0x000070000bd13000)]
  0x00007fd6670e8000 JavaThread "Cleaner-0" daemon [_thread_blocked, id=64523, stack(0x000070000bd99000,0x000070000be99000)]
  0x00007fd666d0a000 JavaThread "Thread-10" [_thread_blocked, id=62219, stack(0x000070000be9c000,0x000070000bf9c000)]
  0x00007fd6652b3000 JavaThread "Thread-11" [_thread_in_native, id=88587, stack(0x000070000bf9f000,0x000070000c09f000)]
  0x00007fd6652af800 JavaThread "Thread-12" [_thread_blocked, id=70435, stack(0x000070000b98a000,0x000070000ba8a000)]
  0x00007fd667059000 JavaThread "Thread-13" [_thread_in_Java, id=129027, stack(0x000070000c0a2000,0x000070000c1a2000)]
  0x00007fd6651e1000 JavaThread "PulseTimer-CVDisplayLink thread" daemon [_thread_in_native, id=57383, stack(0x000070000a545000,0x000070000a5c5000)]

Other Threads:
  0x00007fd666852800 VMThread "VM Thread" [stack: 0x000070000a23c000,0x000070000a33c000] [id=15107]
  0x00007fd6660e4000 WatcherThread [stack: 0x000070000af66000,0x000070000b066000] [id=39683]
  0x00007fd666041000 GCTaskThread "GC Thread#0" [stack: 0x0000700009d2d000,0x0000700009e2d000] [id=20995]
  0x00007fd666988800 GCTaskThread "GC Thread#1" [stack: 0x000070000b16c000,0x000070000b26c000] [id=36867]
  0x00007fd6670ac000 GCTaskThread "GC Thread#2" [stack: 0x000070000b26f000,0x000070000b36f000] [id=30211]
  0x00007fd665183800 GCTaskThread "GC Thread#3" [stack: 0x000070000ba8d000,0x000070000bb8d000] [id=68359]
  0x00007fd66604a000 ConcurrentGCThread "G1 Main Marker" [stack: 0x0000700009e30000,0x0000700009f30000] [id=13827]
  0x00007fd66680a000 ConcurrentGCThread "G1 Conc#0" [stack: 0x0000700009f33000,0x000070000a033000] [id=20739]
  0x00007fd666055800 ConcurrentGCThread "G1 Refine#0" [stack: 0x000070000a036000,0x000070000a136000] [id=20227]
  0x00007fd666056800 ConcurrentGCThread "G1 Young RemSet Sampling" [stack: 0x000070000a139000,0x000070000a239000] [id=19715]

Threads with active compile tasks:

VM state:not at safepoint (normal execution)

VM Mutex/Monitor currently owned by a thread: None

Heap address: 0x0000000780000000, size: 2048 MB, Compressed Oops mode: Zero based, Oop shift amount: 3
Narrow klass base: 0x0000000800000000, Narrow klass shift: 3
Compressed class space size: 1073741824 Address: 0x0000000800b05000

Heap:
 garbage-first heap   total 133120K, used 33973K [0x0000000780000000, 0x0000000800000000)
  region size 1024K, 21 young (21504K), 1 survivors (1024K)
 Metaspace       used 19561K, capacity 20448K, committed 20608K, reserved 1067008K
  class space    used 2812K, capacity 3158K, committed 3200K, reserved 1048576K
Heap Regions: E=young(eden), S=young(survivor), O=old, HS=humongous(starts), HC=humongous(continues), CS=collection set, F=free, OA=open archive, CA=closed archive, TAMS=top-at-mark-start (previous, next)
|   0|0x0000000780000000, 0x0000000780100000, 0x0000000780100000|100%| O|  |TAMS 0x0000000780000000, 0x0000000780000000| Untracked 
|   1|0x0000000780100000, 0x0000000780200000, 0x0000000780200000|100%| O|  |TAMS 0x0000000780100000, 0x0000000780100000| Untracked 
|   2|0x0000000780200000, 0x0000000780300000, 0x0000000780300000|100%| O|  |TAMS 0x0000000780200000, 0x0000000780200000| Untracked 
|   3|0x0000000780300000, 0x0000000780400000, 0x0000000780400000|100%| O|  |TAMS 0x0000000780300000, 0x0000000780300000| Untracked 
|   4|0x0000000780400000, 0x0000000780500000, 0x0000000780500000|100%| O|  |TAMS 0x0000000780400000, 0x0000000780400000| Untracked 
|   5|0x0000000780500000, 0x0000000780600000, 0x0000000780600000|100%| O|  |TAMS 0x0000000780500000, 0x0000000780500000| Untracked 
|   6|0x0000000780600000, 0x0000000780700000, 0x0000000780700000|100%| O|  |TAMS 0x0000000780600000, 0x0000000780600000| Untracked 
|   7|0x0000000780700000, 0x0000000780800000, 0x0000000780800000|100%| O|  |TAMS 0x0000000780700000, 0x0000000780700000| Untracked 
|   8|0x0000000780800000, 0x0000000780900000, 0x0000000780900000|100%| O|  |TAMS 0x0000000780800000, 0x0000000780800000| Untracked 
|   9|0x0000000780900000, 0x0000000780a00000, 0x0000000780a00000|100%| O|  |TAMS 0x0000000780900000, 0x0000000780900000| Untracked 
|  10|0x0000000780a00000, 0x0000000780a5be00, 0x0000000780b00000| 35%| O|  |TAMS 0x0000000780a00000, 0x0000000780a00000| Untracked 
|  11|0x0000000780b00000, 0x0000000780c00000, 0x0000000780c00000|100%|HS|  |TAMS 0x0000000780b00000, 0x0000000780b00000| Complete 
|  12|0x0000000780c00000, 0x0000000780d00000, 0x0000000780d00000|100%|HC|  |TAMS 0x0000000780c00000, 0x0000000780c00000| Complete 
|  13|0x0000000780d00000, 0x0000000780e00000, 0x0000000780e00000|100%|HS|  |TAMS 0x0000000780d00000, 0x0000000780d00000| Complete 
|  14|0x0000000780e00000, 0x0000000780e00000, 0x0000000780f00000|  0%| F|  |TAMS 0x0000000780e00000, 0x0000000780e00000| Untracked 
|  15|0x0000000780f00000, 0x0000000780f00000, 0x0000000781000000|  0%| F|  |TAMS 0x0000000780f00000, 0x0000000780f00000| Untracked 
|  16|0x0000000781000000, 0x0000000781000000, 0x0000000781100000|  0%| F|  |TAMS 0x0000000781000000, 0x0000000781000000| Untracked 
|  17|0x0000000781100000, 0x0000000781100000, 0x0000000781200000|  0%| F|  |TAMS 0x0000000781100000, 0x0000000781100000| Untracked 
|  18|0x0000000781200000, 0x0000000781200000, 0x0000000781300000|  0%| F|  |TAMS 0x0000000781200000, 0x0000000781200000| Untracked 
|  19|0x0000000781300000, 0x0000000781300000, 0x0000000781400000|  0%| F|  |TAMS 0x0000000781300000, 0x0000000781300000| Untracked 
|  20|0x0000000781400000, 0x0000000781400000, 0x0000000781500000|  0%| F|  |TAMS 0x0000000781400000, 0x0000000781400000| Untracked 
|  21|0x0000000781500000, 0x0000000781500000, 0x0000000781600000|  0%| F|  |TAMS 0x0000000781500000, 0x0000000781500000| Untracked 
|  22|0x0000000781600000, 0x0000000781600000, 0x0000000781700000|  0%| F|  |TAMS 0x0000000781600000, 0x0000000781600000| Untracked 
|  23|0x0000000781700000, 0x0000000781700000, 0x0000000781800000|  0%| F|  |TAMS 0x0000000781700000, 0x0000000781700000| Untracked 
|  24|0x0000000781800000, 0x0000000781800000, 0x0000000781900000|  0%| F|  |TAMS 0x0000000781800000, 0x0000000781800000| Untracked 
|  25|0x0000000781900000, 0x0000000781900000, 0x0000000781a00000|  0%| F|  |TAMS 0x0000000781900000, 0x0000000781900000| Untracked 
|  26|0x0000000781a00000, 0x0000000781a00000, 0x0000000781b00000|  0%| F|  |TAMS 0x0000000781a00000, 0x0000000781a00000| Untracked 
|  27|0x0000000781b00000, 0x0000000781b00000, 0x0000000781c00000|  0%| F|  |TAMS 0x0000000781b00000, 0x0000000781b00000| Untracked 
|  28|0x0000000781c00000, 0x0000000781c00000, 0x0000000781d00000|  0%| F|  |TAMS 0x0000000781c00000, 0x0000000781c00000| Untracked 
|  29|0x0000000781d00000, 0x0000000781d00000, 0x0000000781e00000|  0%| F|  |TAMS 0x0000000781d00000, 0x0000000781d00000| Untracked 
|  30|0x0000000781e00000, 0x0000000781e00000, 0x0000000781f00000|  0%| F|  |TAMS 0x0000000781e00000, 0x0000000781e00000| Untracked 
|  31|0x0000000781f00000, 0x0000000781f00000, 0x0000000782000000|  0%| F|  |TAMS 0x0000000781f00000, 0x0000000781f00000| Untracked 
|  32|0x0000000782000000, 0x0000000782000000, 0x0000000782100000|  0%| F|  |TAMS 0x0000000782000000, 0x0000000782000000| Untracked 
|  33|0x0000000782100000, 0x0000000782100000, 0x0000000782200000|  0%| F|  |TAMS 0x0000000782100000, 0x0000000782100000| Untracked 
|  34|0x0000000782200000, 0x0000000782200000, 0x0000000782300000|  0%| F|  |TAMS 0x0000000782200000, 0x0000000782200000| Untracked 
|  35|0x0000000782300000, 0x0000000782300000, 0x0000000782400000|  0%| F|  |TAMS 0x0000000782300000, 0x0000000782300000| Untracked 
|  36|0x0000000782400000, 0x0000000782400000, 0x0000000782500000|  0%| F|  |TAMS 0x0000000782400000, 0x0000000782400000| Untracked 
|  37|0x0000000782500000, 0x0000000782500000, 0x0000000782600000|  0%| F|  |TAMS 0x0000000782500000, 0x0000000782500000| Untracked 
|  38|0x0000000782600000, 0x0000000782600000, 0x0000000782700000|  0%| F|  |TAMS 0x0000000782600000, 0x0000000782600000| Untracked 
|  39|0x0000000782700000, 0x0000000782700000, 0x0000000782800000|  0%| F|  |TAMS 0x0000000782700000, 0x0000000782700000| Untracked 
|  40|0x0000000782800000, 0x0000000782800000, 0x0000000782900000|  0%| F|  |TAMS 0x0000000782800000, 0x0000000782800000| Untracked 
|  41|0x0000000782900000, 0x0000000782900000, 0x0000000782a00000|  0%| F|  |TAMS 0x0000000782900000, 0x0000000782900000| Untracked 
|  42|0x0000000782a00000, 0x0000000782a00000, 0x0000000782b00000|  0%| F|  |TAMS 0x0000000782a00000, 0x0000000782a00000| Untracked 
|  43|0x0000000782b00000, 0x0000000782b00000, 0x0000000782c00000|  0%| F|  |TAMS 0x0000000782b00000, 0x0000000782b00000| Untracked 
|  44|0x0000000782c00000, 0x0000000782c00000, 0x0000000782d00000|  0%| F|  |TAMS 0x0000000782c00000, 0x0000000782c00000| Untracked 
|  45|0x0000000782d00000, 0x0000000782d00000, 0x0000000782e00000|  0%| F|  |TAMS 0x0000000782d00000, 0x0000000782d00000| Untracked 
|  46|0x0000000782e00000, 0x0000000782e00000, 0x0000000782f00000|  0%| F|  |TAMS 0x0000000782e00000, 0x0000000782e00000| Untracked 
|  47|0x0000000782f00000, 0x0000000782f00000, 0x0000000783000000|  0%| F|  |TAMS 0x0000000782f00000, 0x0000000782f00000| Untracked 
|  48|0x0000000783000000, 0x0000000783000000, 0x0000000783100000|  0%| F|  |TAMS 0x0000000783000000, 0x0000000783000000| Untracked 
|  49|0x0000000783100000, 0x0000000783100000, 0x0000000783200000|  0%| F|  |TAMS 0x0000000783100000, 0x0000000783100000| Untracked 
|  50|0x0000000783200000, 0x0000000783200000, 0x0000000783300000|  0%| F|  |TAMS 0x0000000783200000, 0x0000000783200000| Untracked 
|  51|0x0000000783300000, 0x00000007833058b0, 0x0000000783400000|  2%| S|CS|TAMS 0x0000000783300000, 0x0000000783300000| Complete 
|  52|0x0000000783400000, 0x0000000783400000, 0x0000000783500000|  0%| F|  |TAMS 0x0000000783400000, 0x0000000783400000| Untracked 
|  53|0x0000000783500000, 0x0000000783500000, 0x0000000783600000|  0%| F|  |TAMS 0x0000000783500000, 0x0000000783500000| Untracked 
|  54|0x0000000783600000, 0x0000000783600000, 0x0000000783700000|  0%| F|  |TAMS 0x0000000783600000, 0x0000000783600000| Untracked 
|  55|0x0000000783700000, 0x0000000783700000, 0x0000000783800000|  0%| F|  |TAMS 0x0000000783700000, 0x0000000783700000| Untracked 
|  56|0x0000000783800000, 0x0000000783800000, 0x0000000783900000|  0%| F|  |TAMS 0x0000000783800000, 0x0000000783800000| Untracked 
|  57|0x0000000783900000, 0x0000000783900000, 0x0000000783a00000|  0%| F|  |TAMS 0x0000000783900000, 0x0000000783900000| Untracked 
|  58|0x0000000783a00000, 0x0000000783a00000, 0x0000000783b00000|  0%| F|  |TAMS 0x0000000783a00000, 0x0000000783a00000| Untracked 
|  59|0x0000000783b00000, 0x0000000783b00000, 0x0000000783c00000|  0%| F|  |TAMS 0x0000000783b00000, 0x0000000783b00000| Untracked 
|  60|0x0000000783c00000, 0x0000000783c00000, 0x0000000783d00000|  0%| F|  |TAMS 0x0000000783c00000, 0x0000000783c00000| Untracked 
|  61|0x0000000783d00000, 0x0000000783d00000, 0x0000000783e00000|  0%| F|  |TAMS 0x0000000783d00000, 0x0000000783d00000| Untracked 
|  62|0x0000000783e00000, 0x0000000783e00000, 0x0000000783f00000|  0%| F|  |TAMS 0x0000000783e00000, 0x0000000783e00000| Untracked 
|  63|0x0000000783f00000, 0x0000000783f00000, 0x0000000784000000|  0%| F|  |TAMS 0x0000000783f00000, 0x0000000783f00000| Untracked 
|  64|0x0000000784000000, 0x0000000784000000, 0x0000000784100000|  0%| F|  |TAMS 0x0000000784000000, 0x0000000784000000| Untracked 
|  65|0x0000000784100000, 0x0000000784100000, 0x0000000784200000|  0%| F|  |TAMS 0x0000000784100000, 0x0000000784100000| Untracked 
|  66|0x0000000784200000, 0x0000000784200000, 0x0000000784300000|  0%| F|  |TAMS 0x0000000784200000, 0x0000000784200000| Untracked 
|  67|0x0000000784300000, 0x0000000784300000, 0x0000000784400000|  0%| F|  |TAMS 0x0000000784300000, 0x0000000784300000| Untracked 
|  68|0x0000000784400000, 0x0000000784400000, 0x0000000784500000|  0%| F|  |TAMS 0x0000000784400000, 0x0000000784400000| Untracked 
|  69|0x0000000784500000, 0x0000000784500000, 0x0000000784600000|  0%| F|  |TAMS 0x0000000784500000, 0x0000000784500000| Untracked 
|  70|0x0000000784600000, 0x0000000784600000, 0x0000000784700000|  0%| F|  |TAMS 0x0000000784600000, 0x0000000784600000| Untracked 
|  71|0x0000000784700000, 0x0000000784700000, 0x0000000784800000|  0%| F|  |TAMS 0x0000000784700000, 0x0000000784700000| Untracked 
|  72|0x0000000784800000, 0x0000000784800000, 0x0000000784900000|  0%| F|  |TAMS 0x0000000784800000, 0x0000000784800000| Untracked 
|  73|0x0000000784900000, 0x0000000784900000, 0x0000000784a00000|  0%| F|  |TAMS 0x0000000784900000, 0x0000000784900000| Untracked 
|  74|0x0000000784a00000, 0x0000000784a00000, 0x0000000784b00000|  0%| F|  |TAMS 0x0000000784a00000, 0x0000000784a00000| Untracked 
|  75|0x0000000784b00000, 0x0000000784b00000, 0x0000000784c00000|  0%| F|  |TAMS 0x0000000784b00000, 0x0000000784b00000| Untracked 
|  76|0x0000000784c00000, 0x0000000784c00000, 0x0000000784d00000|  0%| F|  |TAMS 0x0000000784c00000, 0x0000000784c00000| Untracked 
|  77|0x0000000784d00000, 0x0000000784d00000, 0x0000000784e00000|  0%| F|  |TAMS 0x0000000784d00000, 0x0000000784d00000| Untracked 
|  78|0x0000000784e00000, 0x0000000784e00000, 0x0000000784f00000|  0%| F|  |TAMS 0x0000000784e00000, 0x0000000784e00000| Untracked 
|  79|0x0000000784f00000, 0x0000000784f00000, 0x0000000785000000|  0%| F|  |TAMS 0x0000000784f00000, 0x0000000784f00000| Untracked 
|  80|0x0000000785000000, 0x0000000785000000, 0x0000000785100000|  0%| F|  |TAMS 0x0000000785000000, 0x0000000785000000| Untracked 
|  81|0x0000000785100000, 0x0000000785100000, 0x0000000785200000|  0%| F|  |TAMS 0x0000000785100000, 0x0000000785100000| Untracked 
|  82|0x0000000785200000, 0x0000000785200000, 0x0000000785300000|  0%| F|  |TAMS 0x0000000785200000, 0x0000000785200000| Untracked 
|  83|0x0000000785300000, 0x0000000785300000, 0x0000000785400000|  0%| F|  |TAMS 0x0000000785300000, 0x0000000785300000| Untracked 
|  84|0x0000000785400000, 0x0000000785400000, 0x0000000785500000|  0%| F|  |TAMS 0x0000000785400000, 0x0000000785400000| Untracked 
|  85|0x0000000785500000, 0x0000000785500000, 0x0000000785600000|  0%| F|  |TAMS 0x0000000785500000, 0x0000000785500000| Untracked 
|  86|0x0000000785600000, 0x0000000785600000, 0x0000000785700000|  0%| F|  |TAMS 0x0000000785600000, 0x0000000785600000| Untracked 
|  87|0x0000000785700000, 0x0000000785700000, 0x0000000785800000|  0%| F|  |TAMS 0x0000000785700000, 0x0000000785700000| Untracked 
|  88|0x0000000785800000, 0x0000000785800000, 0x0000000785900000|  0%| F|  |TAMS 0x0000000785800000, 0x0000000785800000| Untracked 
|  89|0x0000000785900000, 0x0000000785900000, 0x0000000785a00000|  0%| F|  |TAMS 0x0000000785900000, 0x0000000785900000| Untracked 
|  90|0x0000000785a00000, 0x0000000785a00000, 0x0000000785b00000|  0%| F|  |TAMS 0x0000000785a00000, 0x0000000785a00000| Untracked 
|  91|0x0000000785b00000, 0x0000000785b00000, 0x0000000785c00000|  0%| F|  |TAMS 0x0000000785b00000, 0x0000000785b00000| Untracked 
|  92|0x0000000785c00000, 0x0000000785c00000, 0x0000000785d00000|  0%| F|  |TAMS 0x0000000785c00000, 0x0000000785c00000| Untracked 
|  93|0x0000000785d00000, 0x0000000785d00000, 0x0000000785e00000|  0%| F|  |TAMS 0x0000000785d00000, 0x0000000785d00000| Untracked 
|  94|0x0000000785e00000, 0x0000000785e00000, 0x0000000785f00000|  0%| F|  |TAMS 0x0000000785e00000, 0x0000000785e00000| Untracked 
|  95|0x0000000785f00000, 0x0000000785f00000, 0x0000000786000000|  0%| F|  |TAMS 0x0000000785f00000, 0x0000000785f00000| Untracked 
|  96|0x0000000786000000, 0x0000000786000000, 0x0000000786100000|  0%| F|  |TAMS 0x0000000786000000, 0x0000000786000000| Untracked 
|  97|0x0000000786100000, 0x0000000786100000, 0x0000000786200000|  0%| F|  |TAMS 0x0000000786100000, 0x0000000786100000| Untracked 
|  98|0x0000000786200000, 0x0000000786200000, 0x0000000786300000|  0%| F|  |TAMS 0x0000000786200000, 0x0000000786200000| Untracked 
|  99|0x0000000786300000, 0x0000000786300000, 0x0000000786400000|  0%| F|  |TAMS 0x0000000786300000, 0x0000000786300000| Untracked 
| 100|0x0000000786400000, 0x0000000786400000, 0x0000000786500000|  0%| F|  |TAMS 0x0000000786400000, 0x0000000786400000| Untracked 
| 101|0x0000000786500000, 0x0000000786500000, 0x0000000786600000|  0%| F|  |TAMS 0x0000000786500000, 0x0000000786500000| Untracked 
| 102|0x0000000786600000, 0x0000000786600000, 0x0000000786700000|  0%| F|  |TAMS 0x0000000786600000, 0x0000000786600000| Untracked 
| 103|0x0000000786700000, 0x0000000786700000, 0x0000000786800000|  0%| F|  |TAMS 0x0000000786700000, 0x0000000786700000| Untracked 
| 104|0x0000000786800000, 0x0000000786800000, 0x0000000786900000|  0%| F|  |TAMS 0x0000000786800000, 0x0000000786800000| Untracked 
| 105|0x0000000786900000, 0x0000000786900000, 0x0000000786a00000|  0%| F|  |TAMS 0x0000000786900000, 0x0000000786900000| Untracked 
| 106|0x0000000786a00000, 0x0000000786a00000, 0x0000000786b00000|  0%| F|  |TAMS 0x0000000786a00000, 0x0000000786a00000| Untracked 
| 107|0x0000000786b00000, 0x0000000786c00000, 0x0000000786c00000|100%| E|  |TAMS 0x0000000786b00000, 0x0000000786b00000| Complete 
| 108|0x0000000786c00000, 0x0000000786d00000, 0x0000000786d00000|100%| E|CS|TAMS 0x0000000786c00000, 0x0000000786c00000| Complete 
| 109|0x0000000786d00000, 0x0000000786e00000, 0x0000000786e00000|100%| E|CS|TAMS 0x0000000786d00000, 0x0000000786d00000| Complete 
| 110|0x0000000786e00000, 0x0000000786f00000, 0x0000000786f00000|100%| E|CS|TAMS 0x0000000786e00000, 0x0000000786e00000| Complete 
| 111|0x0000000786f00000, 0x0000000787000000, 0x0000000787000000|100%| E|CS|TAMS 0x0000000786f00000, 0x0000000786f00000| Complete 
| 112|0x0000000787000000, 0x0000000787100000, 0x0000000787100000|100%| E|CS|TAMS 0x0000000787000000, 0x0000000787000000| Complete 
| 113|0x0000000787100000, 0x0000000787200000, 0x0000000787200000|100%| E|CS|TAMS 0x0000000787100000, 0x0000000787100000| Complete 
| 114|0x0000000787200000, 0x0000000787300000, 0x0000000787300000|100%| E|CS|TAMS 0x0000000787200000, 0x0000000787200000| Complete 
| 115|0x0000000787300000, 0x0000000787400000, 0x0000000787400000|100%| E|CS|TAMS 0x0000000787300000, 0x0000000787300000| Complete 
| 116|0x0000000787400000, 0x0000000787500000, 0x0000000787500000|100%| E|CS|TAMS 0x0000000787400000, 0x0000000787400000| Complete 
| 117|0x0000000787500000, 0x0000000787600000, 0x0000000787600000|100%| E|CS|TAMS 0x0000000787500000, 0x0000000787500000| Complete 
| 118|0x0000000787600000, 0x0000000787700000, 0x0000000787700000|100%| E|CS|TAMS 0x0000000787600000, 0x0000000787600000| Complete 
| 119|0x0000000787700000, 0x0000000787800000, 0x0000000787800000|100%| E|CS|TAMS 0x0000000787700000, 0x0000000787700000| Complete 
| 120|0x0000000787800000, 0x0000000787900000, 0x0000000787900000|100%| E|CS|TAMS 0x0000000787800000, 0x0000000787800000| Complete 
| 121|0x0000000787900000, 0x0000000787a00000, 0x0000000787a00000|100%| E|CS|TAMS 0x0000000787900000, 0x0000000787900000| Complete 
| 122|0x0000000787a00000, 0x0000000787b00000, 0x0000000787b00000|100%| E|CS|TAMS 0x0000000787a00000, 0x0000000787a00000| Complete 
| 123|0x0000000787b00000, 0x0000000787c00000, 0x0000000787c00000|100%| E|CS|TAMS 0x0000000787b00000, 0x0000000787b00000| Complete 
| 124|0x0000000787c00000, 0x0000000787d00000, 0x0000000787d00000|100%| E|CS|TAMS 0x0000000787c00000, 0x0000000787c00000| Complete 
| 125|0x0000000787d00000, 0x0000000787e00000, 0x0000000787e00000|100%| E|CS|TAMS 0x0000000787d00000, 0x0000000787d00000| Complete 
| 126|0x0000000787e00000, 0x0000000787f00000, 0x0000000787f00000|100%| E|CS|TAMS 0x0000000787e00000, 0x0000000787e00000| Complete 
| 127|0x0000000787f00000, 0x0000000788000000, 0x0000000788000000|100%| E|CS|TAMS 0x0000000787f00000, 0x0000000787f00000| Complete 
|1022|0x00000007bfe00000, 0x00000007bfe51000, 0x00000007bff00000| 31%|OA|  |TAMS 0x00000007bfe00000, 0x00000007bfe00000| Untracked 
|1023|0x00000007bff00000, 0x00000007bff7b000, 0x00000007c0000000| 48%|CA|  |TAMS 0x00000007bff00000, 0x00000007bff00000| Untracked 

Card table byte_map: [0x000000010be50000,0x000000010c250000] _byte_map_base: 0x0000000108250000

Marking Bits (Prev, Next): (CMBitMap*) 0x00007fd665008218, (CMBitMap*) 0x00007fd665008258
 Prev Bits: [0x000000010d650000, 0x000000010f650000)
 Next Bits: [0x000000010f650000, 0x0000000111650000)

Polling page: 0x000000010b7b4000

Metaspace:

Usage:
  Non-class:     16.88 MB capacity,    16.36 MB ( 97%) used,   444.78 KB (  3%) free+waste,    95.88 KB ( <1%) overhead. 
      Class:      3.08 MB capacity,     2.75 MB ( 89%) used,   295.32 KB (  9%) free+waste,    50.56 KB (  2%) overhead. 
       Both:     19.97 MB capacity,    19.10 MB ( 96%) used,   740.10 KB (  4%) free+waste,   146.44 KB ( <1%) overhead. 

Virtual space:
  Non-class space:       18.00 MB reserved,      17.00 MB ( 94%) committed 
      Class space:        1.00 GB reserved,       3.12 MB ( <1%) committed 
             Both:        1.02 GB reserved,      20.12 MB (  2%) committed 

Chunk freelists:
   Non-Class:  18.00 KB
       Class:  0 bytes
        Both:  18.00 KB

MaxMetaspaceSize: unlimited
CompressedClassSpaceSize: 1.00 GB

CodeHeap 'non-profiled nmethods': size=120032Kb used=1432Kb max_used=1432Kb free=118599Kb
 bounds [0x00000001239ac000, 0x0000000123c1c000, 0x000000012aee4000]
CodeHeap 'profiled nmethods': size=120028Kb used=6545Kb max_used=6545Kb free=113482Kb
 bounds [0x000000011c475000, 0x000000011cae5000, 0x00000001239ac000]
CodeHeap 'non-nmethods': size=5700Kb used=1478Kb max_used=1503Kb free=4221Kb
 bounds [0x000000011bee4000, 0x000000011c154000, 0x000000011c475000]
 total_blobs=4154 nmethods=3338 adapters=728
 compilation: enabled
              stopped_count=0, restarted_count=0
 full_count=0

Compilation events (20 events):
Event: 25.593 Thread 0x00007fd66501e000 3401       4       com.sun.prism.impl.ps.BaseShaderGraphics::renderGeneralRoundedRect (388 bytes)
Event: 25.598 Thread 0x00007fd66501e000 nmethod 3401 0x0000000123b0d490 code [0x0000000123b0d640, 0x0000000123b0d908]
Event: 25.598 Thread 0x00007fd66501e000 3402       4       com.sun.prism.impl.ps.BaseShaderGraphics::fillRect (149 bytes)
Event: 25.601 Thread 0x00007fd66501e000 nmethod 3402 0x0000000123b0dc10 code [0x0000000123b0ddc0, 0x0000000123b0dfc8]
Event: 25.604 Thread 0x00007fd66501e000 3403       4       com.sun.javafx.sg.prism.NGCanvas::handleRenderOp (1723 bytes)
Event: 25.634 Thread 0x00007fd66501e000 nmethod 3403 0x0000000123b0e110 code [0x0000000123b0e3e0, 0x0000000123b0ee98]
Event: 26.009 Thread 0x00007fd665037000 3404       3       com.sun.javafx.PlatformUtil::isEmbedded (4 bytes)
Event: 26.009 Thread 0x00007fd665037000 nmethod 3404 0x000000011cad7690 code [0x000000011cad7820, 0x000000011cad78f0]
Event: 26.011 Thread 0x00007fd66501e000 3405       4       com.sun.javafx.sg.prism.NGCanvas::initClip (348 bytes)
Event: 26.012 Thread 0x00007fd66501e000 nmethod 3405 0x0000000123b0f690 code [0x0000000123b0f820, 0x0000000123b0f918]
Event: 26.012 Thread 0x00007fd66501e000 3406       4       com.sun.javafx.geom.transform.GeneralTransform3D::mul (1991 bytes)
Event: 26.057 Thread 0x00007fd66501e000 nmethod 3406 0x0000000123b0fa10 code [0x0000000123b0fde0, 0x0000000123b10d78]
Event: 26.174 Thread 0x00007fd66501e000 3407       4       com.sun.javafx.geom.transform.AffineBase::translate (548 bytes)
Event: 26.178 Thread 0x00007fd66501e000 nmethod 3407 0x0000000123b11710 code [0x0000000123b118e0, 0x0000000123b11af8]
Event: 26.213 Thread 0x00007fd665037000 3408       3       com.sun.javafx.geom.transform.AffineBase::transform2DBounds (576 bytes)
Event: 26.215 Thread 0x00007fd665037000 nmethod 3408 0x000000011cad7990 code [0x000000011cad7c80, 0x000000011cad8f30]
Event: 26.221 Thread 0x00007fd66501e000 3409       4       com.sun.javafx.geom.RectBounds::makeEmpty (5 bytes)
Event: 26.222 Thread 0x00007fd66501e000 nmethod 3409 0x0000000123b11c10 code [0x0000000123b11d80, 0x0000000123b11e18]
Event: 26.225 Thread 0x00007fd66501e000 3410       4       com.sun.prism.impl.BaseResourcePool$WeakLinkedList::getResource (11 bytes)
Event: 26.228 Thread 0x00007fd66501e000 nmethod 3410 0x0000000123b11f10 code [0x0000000123b120c0, 0x0000000123b12218]

GC Heap History (20 events):
Event: 25.041 GC heap before
{Heap before GC invocations=17 (full 0):
 garbage-first heap   total 133120K, used 91288K [0x0000000780000000, 0x0000000800000000)
  region size 1024K, 76 young (77824K), 1 survivors (1024K)
 Metaspace       used 19550K, capacity 20448K, committed 20608K, reserved 1067008K
  class space    used 2812K, capacity 3158K, committed 3200K, reserved 1048576K
}
Event: 25.042 GC heap after
{Heap after GC invocations=18 (full 0):
 garbage-first heap   total 133120K, used 14488K [0x0000000780000000, 0x0000000800000000)
  region size 1024K, 1 young (1024K), 1 survivors (1024K)
 Metaspace       used 19550K, capacity 20448K, committed 20608K, reserved 1067008K
  class space    used 2812K, capacity 3158K, committed 3200K, reserved 1048576K
}
Event: 25.185 GC heap before
{Heap before GC invocations=18 (full 0):
 garbage-first heap   total 133120K, used 91288K [0x0000000780000000, 0x0000000800000000)
  region size 1024K, 76 young (77824K), 1 survivors (1024K)
 Metaspace       used 19550K, capacity 20448K, committed 20608K, reserved 1067008K
  class space    used 2812K, capacity 3158K, committed 3200K, reserved 1048576K
}
Event: 25.186 GC heap after
{Heap after GC invocations=19 (full 0):
 garbage-first heap   total 133120K, used 14496K [0x0000000780000000, 0x0000000800000000)
  region size 1024K, 1 young (1024K), 1 survivors (1024K)
 Metaspace       used 19550K, capacity 20448K, committed 20608K, reserved 1067008K
  class space    used 2812K, capacity 3158K, committed 3200K, reserved 1048576K
}
Event: 25.308 GC heap before
{Heap before GC invocations=19 (full 0):
 garbage-first heap   total 133120K, used 91296K [0x0000000780000000, 0x0000000800000000)
  region size 1024K, 76 young (77824K), 1 survivors (1024K)
 Metaspace       used 19550K, capacity 20448K, committed 20608K, reserved 1067008K
  class space    used 2812K, capacity 3158K, committed 3200K, reserved 1048576K
}
Event: 25.308 GC heap after
{Heap after GC invocations=20 (full 0):
 garbage-first heap   total 133120K, used 14501K [0x0000000780000000, 0x0000000800000000)
  region size 1024K, 1 young (1024K), 1 survivors (1024K)
 Metaspace       used 19550K, capacity 20448K, committed 20608K, reserved 1067008K
  class space    used 2812K, capacity 3158K, committed 3200K, reserved 1048576K
}
Event: 25.473 GC heap before
{Heap before GC invocations=20 (full 0):
 garbage-first heap   total 133120K, used 91301K [0x0000000780000000, 0x0000000800000000)
  region size 1024K, 76 young (77824K), 1 survivors (1024K)
 Metaspace       used 19560K, capacity 20448K, committed 20608K, reserved 1067008K
  class space    used 2812K, capacity 3158K, committed 3200K, reserved 1048576K
}
Event: 25.476 GC heap after
{Heap after GC invocations=21 (full 0):
 garbage-first heap   total 133120K, used 14501K [0x0000000780000000, 0x0000000800000000)
  region size 1024K, 1 young (1024K), 1 survivors (1024K)
 Metaspace       used 19560K, capacity 20448K, committed 20608K, reserved 1067008K
  class space    used 2812K, capacity 3158K, committed 3200K, reserved 1048576K
}
Event: 25.622 GC heap before
{Heap before GC invocations=21 (full 0):
 garbage-first heap   total 133120K, used 91301K [0x0000000780000000, 0x0000000800000000)
  region size 1024K, 76 young (77824K), 1 survivors (1024K)
 Metaspace       used 19560K, capacity 20448K, committed 20608K, reserved 1067008K
  class space    used 2812K, capacity 3158K, committed 3200K, reserved 1048576K
}
Event: 25.624 GC heap after
{Heap after GC invocations=22 (full 0):
 garbage-first heap   total 133120K, used 14501K [0x0000000780000000, 0x0000000800000000)
  region size 1024K, 1 young (1024K), 1 survivors (1024K)
 Metaspace       used 19560K, capacity 20448K, committed 20608K, reserved 1067008K
  class space    used 2812K, capacity 3158K, committed 3200K, reserved 1048576K
}
Event: 25.752 GC heap before
{Heap before GC invocations=22 (full 0):
 garbage-first heap   total 133120K, used 91301K [0x0000000780000000, 0x0000000800000000)
  region size 1024K, 76 young (77824K), 1 survivors (1024K)
 Metaspace       used 19560K, capacity 20448K, committed 20608K, reserved 1067008K
  class space    used 2812K, capacity 3158K, committed 3200K, reserved 1048576K
}
Event: 25.753 GC heap after
{Heap after GC invocations=23 (full 0):
 garbage-first heap   total 133120K, used 14508K [0x0000000780000000, 0x0000000800000000)
  region size 1024K, 1 young (1024K), 1 survivors (1024K)
 Metaspace       used 19560K, capacity 20448K, committed 20608K, reserved 1067008K
  class space    used 2812K, capacity 3158K, committed 3200K, reserved 1048576K
}
Event: 25.866 GC heap before
{Heap before GC invocations=23 (full 0):
 garbage-first heap   total 133120K, used 91308K [0x0000000780000000, 0x0000000800000000)
  region size 1024K, 76 young (77824K), 1 survivors (1024K)
 Metaspace       used 19560K, capacity 20448K, committed 20608K, reserved 1067008K
  class space    used 2812K, capacity 3158K, committed 3200K, reserved 1048576K
}
Event: 25.867 GC heap after
{Heap after GC invocations=24 (full 0):
 garbage-first heap   total 133120K, used 14514K [0x0000000780000000, 0x0000000800000000)
  region size 1024K, 1 young (1024K), 1 survivors (1024K)
 Metaspace       used 19560K, capacity 20448K, committed 20608K, reserved 1067008K
  class space    used 2812K, capacity 3158K, committed 3200K, reserved 1048576K
}
Event: 25.989 GC heap before
{Heap before GC invocations=24 (full 0):
 garbage-first heap   total 133120K, used 91314K [0x0000000780000000, 0x0000000800000000)
  region size 1024K, 76 young (77824K), 1 survivors (1024K)
 Metaspace       used 19560K, capacity 20448K, committed 20608K, reserved 1067008K
  class space    used 2812K, capacity 3158K, committed 3200K, reserved 1048576K
}
Event: 25.990 GC heap after
{Heap after GC invocations=25 (full 0):
 garbage-first heap   total 133120K, used 14513K [0x0000000780000000, 0x0000000800000000)
  region size 1024K, 1 young (1024K), 1 survivors (1024K)
 Metaspace       used 19560K, capacity 20448K, committed 20608K, reserved 1067008K
  class space    used 2812K, capacity 3158K, committed 3200K, reserved 1048576K
}
Event: 26.126 GC heap before
{Heap before GC invocations=25 (full 0):
 garbage-first heap   total 133120K, used 91313K [0x0000000780000000, 0x0000000800000000)
  region size 1024K, 76 young (77824K), 1 survivors (1024K)
 Metaspace       used 19560K, capacity 20448K, committed 20608K, reserved 1067008K
  class space    used 2812K, capacity 3158K, committed 3200K, reserved 1048576K
}
Event: 26.127 GC heap after
{Heap after GC invocations=26 (full 0):
 garbage-first heap   total 133120K, used 14518K [0x0000000780000000, 0x0000000800000000)
  region size 1024K, 1 young (1024K), 1 survivors (1024K)
 Metaspace       used 19560K, capacity 20448K, committed 20608K, reserved 1067008K
  class space    used 2812K, capacity 3158K, committed 3200K, reserved 1048576K
}
Event: 26.260 GC heap before
{Heap before GC invocations=26 (full 0):
 garbage-first heap   total 133120K, used 91318K [0x0000000780000000, 0x0000000800000000)
  region size 1024K, 76 young (77824K), 1 survivors (1024K)
 Metaspace       used 19561K, capacity 20448K, committed 20608K, reserved 1067008K
  class space    used 2812K, capacity 3158K, committed 3200K, reserved 1048576K
}
Event: 26.261 GC heap after
{Heap after GC invocations=27 (full 0):
 garbage-first heap   total 133120K, used 14517K [0x0000000780000000, 0x0000000800000000)
  region size 1024K, 1 young (1024K), 1 survivors (1024K)
 Metaspace       used 19561K, capacity 20448K, committed 20608K, reserved 1067008K
  class space    used 2812K, capacity 3158K, committed 3200K, reserved 1048576K
}

Deoptimization events (20 events):
Event: 21.848 Thread 0x00007fd667059000 DEOPT PACKING pc=0x000000011c9d1c58 sp=0x000070000c1a1900
Event: 21.848 Thread 0x00007fd667059000 DEOPT UNPACKING pc=0x000000011bf2d33a sp=0x000070000c1a0e08 mode 0
Event: 21.851 Thread 0x00007fd667059000 DEOPT PACKING pc=0x000000011c9d1c58 sp=0x000070000c1a1900
Event: 21.851 Thread 0x00007fd667059000 DEOPT UNPACKING pc=0x000000011bf2d33a sp=0x000070000c1a0e08 mode 0
Event: 21.853 Thread 0x00007fd667059000 DEOPT PACKING pc=0x000000011c9d1c58 sp=0x000070000c1a1900
Event: 21.853 Thread 0x00007fd667059000 DEOPT UNPACKING pc=0x000000011bf2d33a sp=0x000070000c1a0e08 mode 0
Event: 21.855 Thread 0x00007fd667059000 DEOPT PACKING pc=0x000000011c9d1c58 sp=0x000070000c1a1900
Event: 21.855 Thread 0x00007fd667059000 DEOPT UNPACKING pc=0x000000011bf2d33a sp=0x000070000c1a0e08 mode 0
Event: 21.889 Thread 0x00007fd6660cf800 Uncommon trap: trap_request=0xffffffe4 fr.pc=0x0000000123a0a3d8 relative=0x0000000000000098
Event: 21.889 Thread 0x00007fd6660cf800 Uncommon trap: reason=range_check action=make_not_entrant pc=0x0000000123a0a3d8 method=java.util.Objects.checkIndex(II)I @ 3 c2
Event: 21.889 Thread 0x00007fd6660cf800 DEOPT PACKING pc=0x0000000123a0a3d8 sp=0x000070000b1670b0
Event: 21.889 Thread 0x00007fd6660cf800 DEOPT UNPACKING pc=0x000000011bf2ce25 sp=0x000070000b166ff8 mode 2
Event: 21.929 Thread 0x00007fd667059000 DEOPT PACKING pc=0x000000011c9d1c58 sp=0x000070000c1a1900
Event: 21.929 Thread 0x00007fd667059000 DEOPT UNPACKING pc=0x000000011bf2d33a sp=0x000070000c1a0e08 mode 0
Event: 22.472 Thread 0x00007fd6660cf800 DEOPT PACKING pc=0x000000011c84488e sp=0x000070000b1663d0
Event: 22.472 Thread 0x00007fd6660cf800 DEOPT UNPACKING pc=0x000000011bf2d33a sp=0x000070000b165878 mode 0
Event: 22.663 Thread 0x00007fd666989000 Uncommon trap: trap_request=0xffffff45 fr.pc=0x0000000123ab5f40 relative=0x0000000000000480
Event: 22.663 Thread 0x00007fd666989000 Uncommon trap: reason=unstable_if action=reinterpret pc=0x0000000123ab5f40 method=com.sun.javafx.event.EventHandlerManager.dispatchCapturingEvent(Ljavafx/event/EventType;Ljavafx/event/Event;)Ljavafx/event/Event; @ 22 c2
Event: 22.663 Thread 0x00007fd666989000 DEOPT PACKING pc=0x0000000123ab5f40 sp=0x00007ff7b4881580
Event: 22.663 Thread 0x00007fd666989000 DEOPT UNPACKING pc=0x000000011bf2ce25 sp=0x00007ff7b4881550 mode 2

Classes unloaded (0 events):
No events

Classes redefined (0 events):
No events

Internal exceptions (20 events):
Event: 4.884 Thread 0x00007fd6660cf800 Exception <a 'java/lang/NoSuchMethodError'{0x0000000787d48fd0}: 'int java.lang.invoke.DirectMethodHandle$Holder.invokeStaticInit(java.lang.Object, java.lang.Object)'> (0x0000000787d48fd0) 
thrown [./open/src/hotspot/share/interpreter/linkResolver.cpp, line 766]
Event: 6.448 Thread 0x00007fd666989000 Implicit null exception at 0x00000001239fd0e8 to 0x00000001239fd17a
Event: 6.452 Thread 0x00007fd666989000 Exception <a 'java/lang/NoSuchMethodError'{0x000000078789de38}: 'void java.lang.invoke.DirectMethodHandle$Holder.invokeStaticInit(java.lang.Object, java.lang.Object)'> (0x000000078789de38) 
thrown [./open/src/hotspot/share/interpreter/linkResolver.cpp, line 766]
Event: 6.539 Thread 0x00007fd666989000 Exception <a 'java/io/FileNotFoundException'{0x0000000787621b00}> (0x0000000787621b00) 
thrown [./open/src/hotspot/share/prims/jni.cpp, line 599]
Event: 7.125 Thread 0x00007fd666989000 Exception <a 'java/lang/NoSuchMethodError'{0x000000078738c6b0}: 'java.lang.Object java.lang.invoke.DirectMethodHandle$Holder.invokeInterface(java.lang.Object, java.lang.Object, java.lang.Object)'> (0x000000078738c6b0) 
thrown [./open/src/hotspot/share/interpreter/linkResolver.cpp, line 766]
Event: 7.125 Thread 0x00007fd666989000 Exception <a 'java/lang/IncompatibleClassChangeError'{0x000000078738f540}: Found class java.lang.Object, but interface was expected> (0x000000078738f540) 
thrown [./open/src/hotspot/share/interpreter/linkResolver.cpp, line 832]
Event: 8.688 Thread 0x00007fd666989000 Exception <a 'java/lang/ClassNotFoundException'{0x0000000786f79510}: com/sun/javafx/scene/control/skin/resources/controls> (0x0000000786f79510) 
thrown [./open/src/hotspot/share/prims/jni.cpp, line 620]
Event: 8.691 Thread 0x00007fd666989000 Exception <a 'java/lang/ClassNotFoundException'{0x0000000786f87260}: com/sun/javafx/scene/control/skin/resources/controls_en> (0x0000000786f87260) 
thrown [./open/src/hotspot/share/prims/jni.cpp, line 620]
Event: 8.692 Thread 0x00007fd666989000 Exception <a 'java/lang/ClassNotFoundException'{0x0000000786f89310}: com/sun/javafx/scene/control/skin/resources/controls_en_DK> (0x0000000786f89310) 
thrown [./open/src/hotspot/share/prims/jni.cpp, line 620]
Event: 8.846 Thread 0x00007fd666989000 Exception <a 'java/lang/NoSuchMethodError'{0x0000000786eefa30}: 'void java.lang.invoke.DirectMethodHandle$Holder.invokeSpecial(java.lang.Object, java.lang.Object, java.lang.Object, java.lang.Object, java.lang.Object, java.lang.Object)'> (0x0000000786eefa30) 
thrown [./open/src/hotspot/share/interpreter/linkResolver.cpp, line 766]
Event: 9.079 Thread 0x00007fd666989000 Exception <a 'java/lang/NoSuchMethodError'{0x00000007867664e0}: 'void java.lang.invoke.DirectMethodHandle$Holder.invokeSpecialIFC(java.lang.Object, java.lang.Object, java.lang.Object, java.lang.Object)'> (0x00000007867664e0) 
thrown [./open/src/hotspot/share/interpreter/linkResolver.cpp, line 766]
Event: 9.575 Thread 0x00007fd666989000 Exception <a 'java/lang/NoSuchMethodError'{0x000000078633a190}: 'java.lang.Object java.lang.invoke.DirectMethodHandle$Holder.invokeStatic(java.lang.Object, java.lang.Object, int, int)'> (0x000000078633a190) 
thrown [./open/src/hotspot/share/interpreter/linkResolver.cpp, line 766]
Event: 9.577 Thread 0x00007fd666989000 Exception <a 'java/lang/NoSuchMethodError'{0x0000000786340188}: 'java.lang.Object java.lang.invoke.Invokers$Holder.linkToTargetMethod(java.lang.Object, int, int, java.lang.Object)'> (0x0000000786340188) 
thrown [./open/src/hotspot/share/interpreter/linkResolver.cpp, line 766]
Event: 10.488 Thread 0x00007fd6660cf800 Exception <a 'java/lang/NoSuchMethodError'{0x0000000785f06210}: 'java.lang.Object java.lang.invoke.DirectMethodHandle$Holder.invokeStaticInit(java.lang.Object, int)'> (0x0000000785f06210) 
thrown [./open/src/hotspot/share/interpreter/linkResolver.cpp, line 766]
Event: 11.993 Thread 0x00007fd666989000 Exception <a 'java/lang/NoSuchMethodError'{0x0000000785e32900}: 'java.lang.Object java.lang.invoke.DirectMethodHandle$Holder.invokeStatic(java.lang.Object, java.lang.Object, int, int, int, int, int, java.lang.Object)'> (0x0000000785e32900) 
thrown [./open/src/hotspot/share/interpreter/linkResolver.cpp, line 766]
Event: 11.996 Thread 0x00007fd666989000 Exception <a 'java/lang/NoSuchMethodError'{0x0000000785e41e10}: 'java.lang.Object java.lang.invoke.DirectMethodHandle$Holder.invokeStatic(java.lang.Object, java.lang.Object, java.lang.Object, int, int, int, int, int)'> (0x0000000785e41e10) 
thrown [./open/src/hotspot/share/interpreter/linkResolver.cpp, line 766]
Event: 11.997 Thread 0x00007fd666989000 Exception <a 'java/lang/NoSuchMethodError'{0x0000000785e47c88}: 'java.lang.Object java.lang.invoke.Invokers$Holder.linkToTargetMethod(java.lang.Object, java.lang.Object, int, int, int, int, int, java.lang.Object)'> (0x0000000785e47c88) 
thrown [./open/src/hotspot/share/interpreter/linkResolver.cpp, line 766]
Event: 12.003 Thread 0x00007fd666989000 Exception <a 'java/lang/NoSuchMethodError'{0x0000000785e5ee20}: 'long java.lang.invoke.DirectMethodHandle$Holder.invokeStatic(java.lang.Object, java.lang.Object, java.lang.Object)'> (0x0000000785e5ee20) 
thrown [./open/src/hotspot/share/interpreter/linkResolver.cpp, line 766]
Event: 12.004 Thread 0x00007fd666989000 Exception <a 'java/lang/NoSuchMethodError'{0x0000000785e61ac8}: 'long java.lang.invoke.DirectMethodHandle$Holder.invokeStaticInit(java.lang.Object, java.lang.Object, java.lang.Object)'> (0x0000000785e61ac8) 
thrown [./open/src/hotspot/share/interpreter/linkResolver.cpp, line 766]
Event: 12.007 Thread 0x00007fd666989000 Exception <a 'java/lang/NoSuchMethodError'{0x0000000785e75d98}: 'java.lang.Object java.lang.invoke.Invokers$Holder.linkToTargetMethod(java.lang.Object, long, java.lang.Object)'> (0x0000000785e75d98) 
thrown [./open/src/hotspot/share/interpreter/linkResolver.cpp, line 766]

Events (20 events):
Event: 25.307 Executing VM operation: G1CollectForAllocation
Event: 25.308 Executing VM operation: G1CollectForAllocation done
Event: 25.473 Executing VM operation: G1CollectForAllocation
Event: 25.477 Executing VM operation: G1CollectForAllocation done
Event: 25.621 Executing VM operation: G1CollectForAllocation
Event: 25.624 Executing VM operation: G1CollectForAllocation done
Event: 25.752 Executing VM operation: G1CollectForAllocation
Event: 25.753 Executing VM operation: G1CollectForAllocation done
Event: 25.866 Executing VM operation: G1CollectForAllocation
Event: 25.874 Protecting memory [0x000070000a545000,0x000070000a549000] with protection modes 3
Event: 25.874 Executing VM operation: G1CollectForAllocation done
Event: 25.874 Thread 0x00007fd66727c000 Thread exited: 0x00007fd66727c000
Event: 25.989 Executing VM operation: G1CollectForAllocation
Event: 25.990 Executing VM operation: G1CollectForAllocation done
Event: 26.007 Protecting memory [0x000070000a545000,0x000070000a549000] with protection modes 0
Event: 26.007 Thread 0x00007fd6651e1000 Thread added: 0x00007fd6651e1000
Event: 26.125 Executing VM operation: G1CollectForAllocation
Event: 26.127 Executing VM operation: G1CollectForAllocation done
Event: 26.259 Executing VM operation: G1CollectForAllocation
Event: 26.261 Executing VM operation: G1CollectForAllocation done


Dynamic libraries:
0x000000010b796000 	/Library/Java/JavaVirtualMachines/jdk-14.0.2.jdk/Contents/Home/lib/libjli.dylib
0x00007ff811cb8000 	/usr/lib/libz.1.dylib
0x00007ff811d98000 	/usr/lib/libSystem.B.dylib
0x00007ff811d93000 	/usr/lib/system/libcache.dylib
0x00007ff811d4f000 	/usr/lib/system/libcommonCrypto.dylib
0x00007ff811d78000 	/usr/lib/system/libcompiler_rt.dylib
0x00007ff811d6e000 	/usr/lib/system/libcopyfile.dylib
0x00007ff806d0c000 	/usr/lib/system/libcorecrypto.dylib
0x00007ff806dcb000 	/usr/lib/system/libdispatch.dylib
0x00007ff806f8a000 	/usr/lib/system/libdyld.dylib
0x00007ff811d8a000 	/usr/lib/system/libkeymgr.dylib
0x00007ff811d2d000 	/usr/lib/system/libmacho.dylib
0x00007ff8113c4000 	/usr/lib/system/libquarantine.dylib
0x00007ff811d88000 	/usr/lib/system/libremovefile.dylib
0x00007ff80bee2000 	/usr/lib/system/libsystem_asl.dylib
0x00007ff806cba000 	/usr/lib/system/libsystem_blocks.dylib
0x00007ff806e4f000 	/usr/lib/system/libsystem_c.dylib
0x00007ff811d80000 	/usr/lib/system/libsystem_collections.dylib
0x00007ff8105ab000 	/usr/lib/system/libsystem_configuration.dylib
0x00007ff80f86d000 	/usr/lib/system/libsystem_containermanager.dylib
0x00007ff811a6c000 	/usr/lib/system/libsystem_coreservices.dylib
0x00007ff8095b0000 	/usr/lib/system/libsystem_darwin.dylib
0x00007ff811d8b000 	/usr/lib/system/libsystem_dnssd.dylib
0x00007ff806e4c000 	/usr/lib/system/libsystem_featureflags.dylib
0x00007ff806fa0000 	/usr/lib/system/libsystem_info.dylib
0x00007ff811ccb000 	/usr/lib/system/libsystem_m.dylib
0x00007ff806d9f000 	/usr/lib/system/libsystem_malloc.dylib
0x00007ff80be7f000 	/usr/lib/system/libsystem_networkextension.dylib
0x00007ff8099d8000 	/usr/lib/system/libsystem_notify.dylib
0x00007ff817ec9000 	/usr/lib/system/libsystem_product_info_filter.dylib
0x00007ff8105af000 	/usr/lib/system/libsystem_sandbox.dylib
0x00007ff811d85000 	/usr/lib/system/libsystem_secinit.dylib
0x00007ff806f47000 	/usr/lib/system/libsystem_kernel.dylib
0x00007ff806f96000 	/usr/lib/system/libsystem_platform.dylib
0x00007ff806f7e000 	/usr/lib/system/libsystem_pthread.dylib
0x00007ff80d733000 	/usr/lib/system/libsystem_symptoms.dylib
0x00007ff806cf3000 	/usr/lib/system/libsystem_trace.dylib
0x00007ff811d5b000 	/usr/lib/system/libunwind.dylib
0x00007ff806cbc000 	/usr/lib/system/libxpc.dylib
0x00007ff806f31000 	/usr/lib/libc++abi.dylib
0x00007ff806e12000 	/usr/lib/libobjc.A.dylib
0x00007ff811d66000 	/usr/lib/liboah.dylib
0x00007ff806ed8000 	/usr/lib/libc++.1.dylib
0x00007ff81dbf8000 	/System/Library/Frameworks/Cocoa.framework/Versions/A/Cocoa
0x00007ff809a36000 	/System/Library/Frameworks/AppKit.framework/Versions/C/AppKit
0x00007ff80cf23000 	/System/Library/Frameworks/CoreData.framework/Versions/A/CoreData
0x00007ff807e51000 	/System/Library/Frameworks/Foundation.framework/Versions/C/Foundation
0x00007ff80a8c3000 	/System/Library/PrivateFrameworks/UIFoundation.framework/Versions/A/UIFoundation
0x00007ff817bd0000 	/System/Library/PrivateFrameworks/RemoteViewServices.framework/Versions/A/RemoteViewServices
0x00007ff80ff44000 	/System/Library/PrivateFrameworks/XCTTargetBootstrap.framework/Versions/A/XCTTargetBootstrap
0x00007ff813ba7000 	/System/Library/PrivateFrameworks/InternationalSupport.framework/Versions/A/InternationalSupport
0x00007ff813c31000 	/System/Library/PrivateFrameworks/UserActivity.framework/Versions/A/UserActivity
0x00007ff812f87000 	/usr/lib/libspindump.dylib
0x00007ff80ab51000 	/System/Library/Frameworks/UniformTypeIdentifiers.framework/Versions/A/UniformTypeIdentifiers
0x00007ff80e683000 	/usr/lib/libapp_launch_measurement.dylib
0x00007ff80d8ed000 	/System/Library/PrivateFrameworks/CoreAnalytics.framework/Versions/A/CoreAnalytics
0x00007ff80e686000 	/System/Library/PrivateFrameworks/CoreAutoLayout.framework/Versions/A/CoreAutoLayout
0x00007ff80f8a5000 	/System/Library/Frameworks/Metal.framework/Versions/A/Metal
0x00007ff8105ba000 	/usr/lib/liblangid.dylib
0x00007ff80ff48000 	/System/Library/PrivateFrameworks/CoreSVG.framework/Versions/A/CoreSVG
0x00007ff80bf13000 	/System/Library/PrivateFrameworks/SkyLight.framework/Versions/A/SkyLight
0x00007ff80c2a4000 	/System/Library/Frameworks/CoreGraphics.framework/Versions/A/CoreGraphics
0x00007ff81823b000 	/System/Library/Frameworks/Accelerate.framework/Versions/A/Accelerate
0x00007ff812a02000 	/System/Library/PrivateFrameworks/IconServices.framework/Versions/A/IconServices
0x00007ff80f88a000 	/System/Library/Frameworks/IOSurface.framework/Versions/A/IOSurface
0x00007ff80d91b000 	/usr/lib/libDiagnosticMessagesClient.dylib
0x00007ff81b89a000 	/System/Library/Frameworks/ApplicationServices.framework/Versions/A/ApplicationServices
0x00007ff80ff30000 	/System/Library/PrivateFrameworks/DFRFoundation.framework/Versions/A/DFRFoundation
0x00007ff809327000 	/usr/lib/libicucore.A.dylib
0x00007ff8148c9000 	/System/Library/Frameworks/AudioToolbox.framework/Versions/A/AudioToolbox
0x00007ff813bb3000 	/System/Library/PrivateFrameworks/DataDetectorsCore.framework/Versions/A/DataDetectorsCore
0x00007ff90f3f9000 	/System/Library/PrivateFrameworks/TextInput.framework/Versions/A/TextInput
0x00007ff80be96000 	/usr/lib/libMobileGestalt.dylib
0x00007ff80fc38000 	/System/Library/Frameworks/Carbon.framework/Versions/A/Frameworks/HIToolbox.framework/Versions/A/HIToolbox
0x00007ff80e0b1000 	/System/Library/Frameworks/QuartzCore.framework/Versions/A/QuartzCore
0x00007ff808fc8000 	/System/Library/Frameworks/Security.framework/Versions/A/Security
0x00007ff817c08000 	/System/Library/Frameworks/Carbon.framework/Versions/A/Frameworks/SpeechRecognition.framework/Versions/A/SpeechRecognition
0x00007ff80e3e3000 	/System/Library/PrivateFrameworks/CoreUI.framework/Versions/A/CoreUI
0x00007ff8088a2000 	/System/Library/Frameworks/CoreAudio.framework/Versions/A/CoreAudio
0x00007ff80da09000 	/System/Library/Frameworks/DiskArbitration.framework/Versions/A/DiskArbitration
0x00007ff81336e000 	/System/Library/PrivateFrameworks/MultitouchSupport.framework/Versions/A/MultitouchSupport
0x00007ff80be95000 	/usr/lib/libenergytrace.dylib
0x00007ff809922000 	/System/Library/Frameworks/IOKit.framework/Versions/A/IOKit
0x00007ff817ff2000 	/System/Library/Frameworks/CoreServices.framework/Versions/A/CoreServices
0x00007ff80e61d000 	/System/Library/PrivateFrameworks/PerformanceAnalysis.framework/Versions/A/PerformanceAnalysis
0x00007ffa1e9ba000 	/System/Library/Frameworks/OpenGL.framework/Versions/A/OpenGL
0x00007ff8112f0000 	/System/Library/PrivateFrameworks/MobileKeyBag.framework/Versions/A/MobileKeyBag
0x00007ff80c970000 	/System/Library/Frameworks/ColorSync.framework/Versions/A/ColorSync
0x00007ff806fcb000 	/System/Library/Frameworks/CoreFoundation.framework/Versions/A/CoreFoundation
0x00007ff8101c1000 	/System/Library/Frameworks/CoreImage.framework/Versions/A/CoreImage
0x00007ff8086b8000 	/System/Library/Frameworks/CoreText.framework/Versions/A/CoreText
0x00007ff80ff77000 	/System/Library/Frameworks/ImageIO.framework/Versions/A/ImageIO
0x00007ff811d9e000 	/System/Library/PrivateFrameworks/SoftLinking.framework/Versions/A/SoftLinking
0x00007ff80e6ce000 	/usr/lib/libxml2.2.dylib
0x00007ff812021000 	/usr/lib/libcompression.dylib
0x00007ff813add000 	/System/Library/PrivateFrameworks/TextureIO.framework/Versions/A/TextureIO
0x00007ff812714000 	/usr/lib/libate.dylib
0x00007ff8124f2000 	/usr/lib/liblzma.5.dylib
0x00007ff807b62000 	/System/Library/Frameworks/SystemConfiguration.framework/Versions/A/SystemConfiguration
0x00007ff811d9a000 	/usr/lib/libfakelink.dylib
0x00007ff80b9e9000 	/System/Library/Frameworks/CFNetwork.framework/Versions/A/CFNetwork
0x00007ff811ed9000 	/usr/lib/libarchive.2.dylib
0x00007ff8105b6000 	/System/Library/PrivateFrameworks/AppleSystemInfo.framework/Versions/A/AppleSystemInfo
0x00007ff8113ea000 	/usr/lib/libbsm.0.dylib
0x00007ff80b020000 	/usr/lib/libnetwork.dylib
0x00007ff811d33000 	/usr/lib/system/libkxld.dylib
0x00007ff811019000 	/System/Library/PrivateFrameworks/IOMobileFramebuffer.framework/Versions/A/IOMobileFramebuffer
0x00007ffb1c4a3000 	/usr/lib/libCoreEntitlements.dylib
0x00007ff811a4e000 	/System/Library/PrivateFrameworks/AppleFSCompression.framework/Versions/A/AppleFSCompression
0x00007ff8113d3000 	/usr/lib/libcoretls.dylib
0x00007ff81250c000 	/usr/lib/libcoretls_cfhelpers.dylib
0x00007ff81201c000 	/usr/lib/libpam.2.dylib
0x00007ff80d355000 	/usr/lib/libsqlite3.dylib
0x00007ff81257b000 	/usr/lib/libxar.1.dylib
0x00007ff811a5e000 	/usr/lib/libbz2.1.0.dylib
0x00007ff811d9f000 	/usr/lib/libpcap.A.dylib
0x00007ff80d72a000 	/usr/lib/libdns_services.dylib
0x00007ff811feb000 	/usr/lib/libapple_nghttp2.dylib
0x00007ff811dd6000 	/usr/lib/libiconv.2.dylib
0x00007ff811d2c000 	/usr/lib/libcharset.1.dylib
0x00007ff80e651000 	/System/Library/Frameworks/CoreServices.framework/Versions/A/Frameworks/FSEvents.framework/Versions/A/FSEvents
0x00007ff8095ba000 	/System/Library/Frameworks/CoreServices.framework/Versions/A/Frameworks/CarbonCore.framework/Versions/A/CarbonCore
0x00007ff80d96e000 	/System/Library/Frameworks/CoreServices.framework/Versions/A/Frameworks/Metadata.framework/Versions/A/Metadata
0x00007ff811a71000 	/System/Library/Frameworks/CoreServices.framework/Versions/A/Frameworks/OSServices.framework/Versions/A/OSServices
0x00007ff811f5f000 	/System/Library/Frameworks/CoreServices.framework/Versions/A/Frameworks/SearchKit.framework/Versions/A/SearchKit
0x00007ff80d6bc000 	/System/Library/Frameworks/CoreServices.framework/Versions/A/Frameworks/AE.framework/Versions/A/AE
0x00007ff8074ce000 	/System/Library/Frameworks/CoreServices.framework/Versions/A/Frameworks/LaunchServices.framework/Versions/A/LaunchServices
0x00007ff8124a3000 	/System/Library/Frameworks/CoreServices.framework/Versions/A/Frameworks/DictionaryServices.framework/Versions/A/DictionaryServices
0x00007ff80e65e000 	/System/Library/Frameworks/CoreServices.framework/Versions/A/Frameworks/SharedFileList.framework/Versions/A/SharedFileList
0x00007ff8113c7000 	/usr/lib/libCheckFix.dylib
0x00007ff80bef9000 	/System/Library/PrivateFrameworks/TCC.framework/Versions/A/TCC
0x00007ff8105bc000 	/System/Library/PrivateFrameworks/CoreNLP.framework/Versions/A/CoreNLP
0x00007ff80d91e000 	/System/Library/PrivateFrameworks/MetadataUtilities.framework/Versions/A/MetadataUtilities
0x00007ff807c12000 	/usr/lib/libmecabra.dylib
0x00007ff8113fa000 	/usr/lib/libmecab.dylib
0x00007ff807bdd000 	/usr/lib/libCRFSuite.dylib
0x00007ff811457000 	/usr/lib/libgermantok.dylib
0x00007ff811fc6000 	/usr/lib/libThaiTokenizer.dylib
0x00007ff80da10000 	/System/Library/Frameworks/Accelerate.framework/Versions/A/Frameworks/vImage.framework/Versions/A/vImage
0x00007ff817fc9000 	/System/Library/Frameworks/Accelerate.framework/Versions/A/Frameworks/vecLib.framework/Versions/A/vecLib
0x00007ff8125bc000 	/System/Library/Frameworks/Accelerate.framework/Versions/A/Frameworks/vecLib.framework/Versions/A/libvMisc.dylib
0x00007ff810e37000 	/System/Library/Frameworks/Accelerate.framework/Versions/A/Frameworks/vecLib.framework/Versions/A/libvDSP.dylib
0x00007ff807846000 	/System/Library/Frameworks/Accelerate.framework/Versions/A/Frameworks/vecLib.framework/Versions/A/libBLAS.dylib
0x00007ff8120fd000 	/System/Library/Frameworks/Accelerate.framework/Versions/A/Frameworks/vecLib.framework/Versions/A/libLAPACK.dylib
0x00007ff81145a000 	/System/Library/Frameworks/Accelerate.framework/Versions/A/Frameworks/vecLib.framework/Versions/A/libLinearAlgebra.dylib
0x00007ff812004000 	/System/Library/Frameworks/Accelerate.framework/Versions/A/Frameworks/vecLib.framework/Versions/A/libSparseBLAS.dylib
0x00007ff8120f7000 	/System/Library/Frameworks/Accelerate.framework/Versions/A/Frameworks/vecLib.framework/Versions/A/libQuadrature.dylib
0x00007ff8106a6000 	/System/Library/Frameworks/Accelerate.framework/Versions/A/Frameworks/vecLib.framework/Versions/A/libBNNS.dylib
0x00007ff807af3000 	/System/Library/Frameworks/Accelerate.framework/Versions/A/Frameworks/vecLib.framework/Versions/A/libSparse.dylib
0x00007ff81069f000 	/System/Library/PrivateFrameworks/LinguisticData.framework/Versions/A/LinguisticData
0x00007ff807aa8000 	/System/Library/PrivateFrameworks/Lexicon.framework/Versions/A/Lexicon
0x00007ff8125b5000 	/usr/lib/libChineseTokenizer.dylib
0x00007ff80820c000 	/System/Library/PrivateFrameworks/LanguageModeling.framework/Versions/A/LanguageModeling
0x00007ff811fc8000 	/System/Library/PrivateFrameworks/AppleSauce.framework/Versions/A/AppleSauce
0x00007ff811007000 	/System/Library/PrivateFrameworks/CoreEmoji.framework/Versions/A/CoreEmoji
0x00007ff811ec8000 	/usr/lib/libcmph.dylib
0x00007ff80e635000 	/System/Library/Frameworks/OpenDirectory.framework/Versions/A/Frameworks/CFOpenDirectory.framework/Versions/A/CFOpenDirectory
0x00007ff80e629000 	/System/Library/Frameworks/OpenDirectory.framework/Versions/A/OpenDirectory
0x00007ff81250e000 	/System/Library/PrivateFrameworks/APFS.framework/Versions/A/APFS
0x00007ff811328000 	/System/Library/Frameworks/SecurityFoundation.framework/Versions/A/SecurityFoundation
0x00007ff812589000 	/usr/lib/libutil.dylib
0x00007ff8098e5000 	/System/Library/PrivateFrameworks/CoreServicesStore.framework/Versions/A/CoreServicesStore
0x00007ff81258d000 	/usr/lib/libxslt.1.dylib
0x00007ff8113b5000 	/System/Library/PrivateFrameworks/BackgroundTaskManagement.framework/Versions/A/BackgroundTaskManagement
0x00007ff8139fd000 	/System/Library/Frameworks/ImageIO.framework/Versions/A/Resources/libRadiance.dylib
0x00007ff813a06000 	/System/Library/Frameworks/ImageIO.framework/Versions/A/Resources/libJPEG.dylib
0x00007ff813956000 	/System/Library/Frameworks/ImageIO.framework/Versions/A/Resources/libPng.dylib
0x00007ff813977000 	/System/Library/Frameworks/ImageIO.framework/Versions/A/Resources/libTIFF.dylib
0x00007ff813a66000 	/System/Library/Frameworks/ImageIO.framework/Versions/A/Resources/libGIF.dylib
0x00007ff813287000 	/System/Library/Frameworks/ImageIO.framework/Versions/A/Resources/libJP2.dylib
0x00007ff8129c9000 	/usr/lib/libexpat.1.dylib
0x00007ff81323c000 	/System/Library/PrivateFrameworks/AppleJPEG.framework/Versions/A/AppleJPEG
0x00007ff80faff000 	/System/Library/PrivateFrameworks/FontServices.framework/libFontParser.dylib
0x00007ff80d666000 	/System/Library/PrivateFrameworks/RunningBoardServices.framework/Versions/A/RunningBoardServices
0x00007ff81e169000 	/System/Library/PrivateFrameworks/IOSurfaceAccelerator.framework/Versions/A/IOSurfaceAccelerator
0x00007ff81336a000 	/System/Library/PrivateFrameworks/WatchdogClient.framework/Versions/A/WatchdogClient
0x00007ff8082fb000 	/System/Library/Frameworks/CoreDisplay.framework/Versions/A/CoreDisplay
0x00007ff80f9ff000 	/System/Library/Frameworks/CoreMedia.framework/Versions/A/CoreMedia
0x00007ff80f89c000 	/System/Library/PrivateFrameworks/IOAccelerator.framework/Versions/A/IOAccelerator
0x00007ff80e7b1000 	/System/Library/Frameworks/CoreVideo.framework/Versions/A/CoreVideo
0x00007ff81201a000 	/System/Library/Frameworks/MetalPerformanceShaders.framework/Versions/A/MetalPerformanceShaders
0x00007ff8133a5000 	/System/Library/Frameworks/VideoToolbox.framework/Versions/A/VideoToolbox
0x00007ff80d5ae000 	/System/Library/PrivateFrameworks/BaseBoard.framework/Versions/A/BaseBoard
0x00007ff80d33b000 	/System/Library/PrivateFrameworks/ProtocolBuffer.framework/Versions/A/ProtocolBuffer
0x00007ff8139f6000 	/System/Library/PrivateFrameworks/GPUWrangler.framework/Versions/A/GPUWrangler
0x00007ff8139d9000 	/System/Library/PrivateFrameworks/IOPresentment.framework/Versions/A/IOPresentment
0x00007ff813a00000 	/System/Library/PrivateFrameworks/DSExternalDisplay.framework/Versions/A/DSExternalDisplay
0x00007ffa1e9ae000 	/System/Library/Frameworks/OpenGL.framework/Versions/A/Libraries/libCoreFSCache.dylib
0x00007ffb0aaa2000 	/System/Library/PrivateFrameworks/GPUCompiler.framework/Versions/31001/Libraries/libGPUCompilerUtils.dylib
0x00007ff813a6b000 	/System/Library/PrivateFrameworks/CMCaptureCore.framework/Versions/A/CMCaptureCore
0x00007ff812f75000 	/System/Library/PrivateFrameworks/AppServerSupport.framework/Versions/A/AppServerSupport
0x00007ff815146000 	/System/Library/PrivateFrameworks/perfdata.framework/Versions/A/perfdata
0x00007ff808427000 	/System/Library/PrivateFrameworks/AudioToolboxCore.framework/Versions/A/AudioToolboxCore
0x00007ff80f9dc000 	/System/Library/PrivateFrameworks/caulk.framework/Versions/A/caulk
0x00007ff814a73000 	/usr/lib/libAudioStatistics.dylib
0x00007ff90bcb8000 	/System/Library/PrivateFrameworks/SystemPolicy.framework/Versions/A/SystemPolicy
0x00007ff814cbf000 	/usr/lib/libSMC.dylib
0x00007ff81daab000 	/System/Library/Frameworks/CoreMIDI.framework/Versions/A/CoreMIDI
0x00007ff813926000 	/usr/lib/libAudioToolboxUtility.dylib
0x00007ff908140000 	/System/Library/PrivateFrameworks/OSAServicesClient.framework/Versions/A/OSAServicesClient
0x00007ff815153000 	/usr/lib/libperfcheck.dylib
0x00007ff90c744000 	/usr/lib/libmis.dylib
0x00007ffa1ea0a000 	/System/Library/Frameworks/OpenGL.framework/Versions/A/Libraries/libGLU.dylib
0x00007ffa1e9cd000 	/System/Library/Frameworks/OpenGL.framework/Versions/A/Libraries/libGFXShared.dylib
0x00007ffa1ebdb000 	/System/Library/Frameworks/OpenGL.framework/Versions/A/Libraries/libGL.dylib
0x00007ffa1e9d6000 	/System/Library/Frameworks/OpenGL.framework/Versions/A/Libraries/libGLImage.dylib
0x00007ffa1e9ca000 	/System/Library/Frameworks/OpenGL.framework/Versions/A/Libraries/libCVMSPluginSupport.dylib
0x00007ffa1e9b5000 	/System/Library/Frameworks/OpenGL.framework/Versions/A/Libraries/libCoreVMClient.dylib
0x00007ff81053a000 	/System/Library/Frameworks/MetalPerformanceShaders.framework/Versions/A/Frameworks/MPSCore.framework/Versions/A/MPSCore
0x00007ff8119b9000 	/System/Library/Frameworks/MetalPerformanceShaders.framework/Versions/A/Frameworks/MPSImage.framework/Versions/A/MPSImage
0x00007ff811470000 	/System/Library/Frameworks/MetalPerformanceShaders.framework/Versions/A/Frameworks/MPSNeuralNetwork.framework/Versions/A/MPSNeuralNetwork
0x00007ff8118e5000 	/System/Library/Frameworks/MetalPerformanceShaders.framework/Versions/A/Frameworks/MPSMatrix.framework/Versions/A/MPSMatrix
0x00007ff8116a1000 	/System/Library/Frameworks/MetalPerformanceShaders.framework/Versions/A/Frameworks/MPSRayIntersector.framework/Versions/A/MPSRayIntersector
0x00007ff81191e000 	/System/Library/Frameworks/MetalPerformanceShaders.framework/Versions/A/Frameworks/MPSNDArray.framework/Versions/A/MPSNDArray
0x00007ffa235b3000 	/System/Library/Frameworks/MetalPerformanceShaders.framework/Versions/A/Frameworks/MPSFunctions.framework/Versions/A/MPSFunctions
0x00007ff807729000 	/System/Library/PrivateFrameworks/MetalTools.framework/Versions/A/MetalTools
0x00007ff8105b4000 	/System/Library/PrivateFrameworks/AggregateDictionary.framework/Versions/A/AggregateDictionary
0x00007ff8127ab000 	/usr/lib/libIOReport.dylib
0x00007ffa1ffea000 	/System/Library/Frameworks/OpenCL.framework/Versions/A/OpenCL
0x00007ff812b0f000 	/System/Library/PrivateFrameworks/FaceCore.framework/Versions/A/FaceCore
0x00007ff812b00000 	/System/Library/PrivateFrameworks/GraphVisualizer.framework/Versions/A/GraphVisualizer
0x00007ffb0a9ad000 	/System/Library/PrivateFrameworks/FontServices.framework/Versions/A/FontServices
0x00007ff812f2c000 	/System/Library/PrivateFrameworks/OTSVG.framework/Versions/A/OTSVG
0x00007ff80e399000 	/System/Library/Frameworks/ApplicationServices.framework/Versions/A/Frameworks/ATS.framework/Versions/A/Resources/libFontRegistry.dylib
0x00007ff812f7d000 	/System/Library/PrivateFrameworks/FontServices.framework/libhvf.dylib
0x00007ffb0a9ae000 	/System/Library/PrivateFrameworks/FontServices.framework/libXTFontStaticRegistryData.dylib
0x00007ff812979000 	/System/Library/PrivateFrameworks/AppleVA.framework/Versions/A/AppleVA
0x00007ff814a93000 	/System/Library/Frameworks/ApplicationServices.framework/Versions/A/Frameworks/ATS.framework/Versions/A/ATS
0x00007ff80ca6c000 	/System/Library/Frameworks/ApplicationServices.framework/Versions/A/Frameworks/HIServices.framework/Versions/A/HIServices
0x00007ff813a75000 	/System/Library/Frameworks/ApplicationServices.framework/Versions/A/Frameworks/PrintCore.framework/Versions/A/PrintCore
0x00007ff814e12000 	/System/Library/Frameworks/ApplicationServices.framework/Versions/A/Frameworks/QD.framework/Versions/A/QD
0x00007ff814e0a000 	/System/Library/Frameworks/ApplicationServices.framework/Versions/A/Frameworks/ColorSyncLegacy.framework/Versions/A/ColorSyncLegacy
0x00007ff814a83000 	/System/Library/Frameworks/ApplicationServices.framework/Versions/A/Frameworks/SpeechSynthesis.framework/Versions/A/SpeechSynthesis
0x00007ff813a36000 	/System/Library/Frameworks/ApplicationServices.framework/Versions/A/Frameworks/ATSUI.framework/Versions/A/ATSUI
0x00007ff814d9f000 	/usr/lib/libcups.2.dylib
0x00007ff815162000 	/System/Library/Frameworks/Kerberos.framework/Versions/A/Kerberos
0x00007ff815171000 	/System/Library/Frameworks/GSS.framework/Versions/A/GSS
0x00007ff814aff000 	/usr/lib/libresolv.9.dylib
0x00007ff812f8c000 	/System/Library/PrivateFrameworks/Heimdal.framework/Versions/A/Heimdal
0x00007ff81bc15000 	/System/Library/Frameworks/Kerberos.framework/Versions/A/Libraries/libHeimdalProxy.dylib
0x00007ff80d73b000 	/System/Library/Frameworks/Network.framework/Versions/A/Network
0x00007ff8129e3000 	/usr/lib/libheimdal-asn1.dylib
0x00007ff8151bc000 	/System/Library/PrivateFrameworks/CommonAuth.framework/Versions/A/CommonAuth
0x00007ff814a04000 	/System/Library/PrivateFrameworks/AudioSession.framework/Versions/A/AudioSession
0x00007ff812a73000 	/System/Library/PrivateFrameworks/MediaExperience.framework/Versions/A/MediaExperience
0x00007ff814898000 	/System/Library/PrivateFrameworks/AudioSession.framework/libSessionUtility.dylib
0x00007ff814e1e000 	/System/Library/PrivateFrameworks/AudioResourceArbitration.framework/Versions/A/AudioResourceArbitration
0x00007ff8129ec000 	/System/Library/PrivateFrameworks/IconFoundation.framework/Versions/A/IconFoundation
0x00007ff817bf8000 	/System/Library/PrivateFrameworks/SpeechRecognitionCore.framework/Versions/A/SpeechRecognitionCore
0x000000010c4c6000 	/Library/Java/JavaVirtualMachines/jdk-14.0.2.jdk/Contents/Home/lib/server/libjvm.dylib
0x000000010b7bf000 	/Library/Java/JavaVirtualMachines/jdk-14.0.2.jdk/Contents/Home/lib/libjimage.dylib
0x000000010b7da000 	/Library/Java/JavaVirtualMachines/jdk-14.0.2.jdk/Contents/Home/lib/libinstrument.dylib
0x000000010b812000 	/Library/Java/JavaVirtualMachines/jdk-14.0.2.jdk/Contents/Home/lib/libjava.dylib
0x000000010b7ea000 	/Library/Java/JavaVirtualMachines/jdk-14.0.2.jdk/Contents/Home/lib/libzip.dylib
0x000000010c2a8000 	/Library/Java/JavaVirtualMachines/jdk-14.0.2.jdk/Contents/Home/lib/libnio.dylib
0x000000010c2d3000 	/Library/Java/JavaVirtualMachines/jdk-14.0.2.jdk/Contents/Home/lib/libnet.dylib
0x000000010c295000 	/Library/Java/JavaVirtualMachines/jdk-14.0.2.jdk/Contents/Home/lib/libextnet.dylib
0x000000010c29c000 	/Users/NielsRHolm/Desktop/dev/prog/Java/Libraries/JavaFx/javafx-sdk-14.0.2.1/lib/libprism_es2.dylib
0x00007ff8098a6000 	/System/Library/PrivateFrameworks/CoreServicesInternal.framework/Versions/A/CoreServicesInternal
0x00007ffa1ebe6000 	/System/Library/Frameworks/OpenGL.framework/Versions/A/Resources/GLEngine.bundle/GLEngine
0x00007ffa1ea48000 	/System/Library/Frameworks/OpenGL.framework/Versions/A/Libraries/libGLProgrammability.dylib
0x00007ffa1671c000 	/System/Library/Extensions/AppleIntelBDWGraphicsGLDriver.bundle/Contents/MacOS/AppleIntelBDWGraphicsGLDriver
0x00007ff91652d000 	/System/Library/PrivateFrameworks/GPUSupport.framework/Versions/A/Libraries/libGPUSupportMercury.dylib
0x00007ffa1ed75000 	/System/Library/Frameworks/OpenGL.framework/Versions/A/Resources/GLRendererFloat.bundle/GLRendererFloat
0x000000012d645000 	/Users/NielsRHolm/Desktop/dev/prog/Java/Libraries/JavaFx/javafx-sdk-14.0.2.1/lib/libglass.dylib
0x00007ff8193c9000 	/System/Library/Frameworks/FileProvider.framework/Versions/A/FileProvider
0x00007ff80d51a000 	/System/Library/Frameworks/Accounts.framework/Versions/A/Accounts
0x00007ff819541000 	/System/Library/PrivateFrameworks/GenerationalStorage.framework/Versions/A/GenerationalStorage
0x00007ff81a04e000 	/System/Library/PrivateFrameworks/CoreSymbolication.framework/Versions/A/CoreSymbolication
0x00007ff818dcd000 	/System/Library/PrivateFrameworks/SymptomDiagnosticReporter.framework/Versions/A/SymptomDiagnosticReporter
0x00007ff80ab65000 	/System/Library/PrivateFrameworks/DesktopServicesPriv.framework/Versions/A/DesktopServicesPriv
0x00007ff8099e7000 	/usr/lib/libsandbox.1.dylib
0x00007ff80e82f000 	/System/Library/PrivateFrameworks/UserManagement.framework/Versions/A/UserManagement
0x00007ff81a013000 	/System/Library/PrivateFrameworks/DebugSymbols.framework/Versions/A/DebugSymbols
0x00007ff814dff000 	/System/Library/PrivateFrameworks/NetAuth.framework/Versions/A/NetAuth
0x00007ff815ceb000 	/System/Library/PrivateFrameworks/Sharing.framework/Versions/A/Sharing
0x00007ff80e802000 	/System/Library/PrivateFrameworks/login.framework/Versions/A/Frameworks/loginsupport.framework/Versions/A/loginsupport
0x00007ff81b14b000 	/System/Library/PrivateFrameworks/Apple80211.framework/Versions/A/Apple80211
0x00007ff811a9e000 	/System/Library/PrivateFrameworks/AuthKit.framework/Versions/A/AuthKit
0x00007ff8110fd000 	/System/Library/PrivateFrameworks/CoreUtils.framework/Versions/A/CoreUtils
0x00007ff811024000 	/System/Library/Frameworks/CoreWLAN.framework/Versions/A/CoreWLAN
0x00007ff815e46000 	/System/Library/Frameworks/IOBluetooth.framework/Versions/A/IOBluetooth
0x00007ff81b1b3000 	/System/Library/PrivateFrameworks/CoreWiFi.framework/Versions/A/CoreWiFi
0x00007ff819be8000 	/System/Library/PrivateFrameworks/FrontBoardServices.framework/Versions/A/FrontBoardServices
0x00007ff819c7a000 	/System/Library/PrivateFrameworks/BoardServices.framework/Versions/A/BoardServices
0x00007ff811317000 	/System/Library/PrivateFrameworks/AssertionServices.framework/Versions/A/AssertionServices
0x00007ff81b337000 	/System/Library/PrivateFrameworks/BackBoardServices.framework/Versions/A/BackBoardServices
0x00007ff81524b000 	/System/Library/PrivateFrameworks/CorePhoneNumbers.framework/Versions/A/CorePhoneNumbers
0x00007ff818eea000 	/System/Library/PrivateFrameworks/DiskManagement.framework/Versions/A/DiskManagement
0x00007ff818dfe000 	/System/Library/PrivateFrameworks/AppleIDAuthSupport.framework/Versions/A/AppleIDAuthSupport
0x00007ffa25519000 	/System/Library/PrivateFrameworks/AAAFoundation.framework/Versions/A/AAAFoundation
0x00007ff81522c000 	/System/Library/PrivateFrameworks/KeychainCircle.framework/Versions/A/KeychainCircle
0x00007ff818eb6000 	/System/Library/PrivateFrameworks/MediaKit.framework/Versions/A/MediaKit
0x00007ff818e0a000 	/System/Library/Frameworks/DiscRecording.framework/Versions/A/DiscRecording
0x00007ff8128f1000 	/usr/lib/libCoreStorage.dylib
0x00007ff81b624000 	/usr/lib/libcsfde.dylib
0x00007ff815f13000 	/System/Library/PrivateFrameworks/ProtectedCloudStorage.framework/Versions/A/ProtectedCloudStorage
0x00007ff81b620000 	/System/Library/PrivateFrameworks/EFILogin.framework/Versions/A/EFILogin
0x00007ff819567000 	/System/Library/PrivateFrameworks/OctagonTrust.framework/Versions/A/OctagonTrust
0x00007ffb09ce7000 	/System/Library/PrivateFrameworks/CoreUtilsExtras.framework/Versions/A/CoreUtilsExtras
0x00007ff818d3d000 	/System/Library/Frameworks/CoreBluetooth.framework/Versions/A/CoreBluetooth
0x00007ff81bc9a000 	/System/Library/Frameworks/AudioUnit.framework/Versions/A/AudioUnit
0x00007ff8128e9000 	/usr/lib/libMatch.1.dylib
0x00007ff910b17000 	/System/Library/Frameworks/Accelerate.framework/Versions/A/Frameworks/vImage.framework/Versions/A/Libraries/libCGInterfaces.dylib
0x000000012f0e3000 	/usr/lib/libobjc-trampolines.dylib
0x00007ff80e529000 	/System/Library/PrivateFrameworks/ViewBridge.framework/Versions/A/ViewBridge
0x0000000131bc3000 	/Users/NielsRHolm/Desktop/dev/prog/Java/Libraries/JavaFx/javafx-sdk-14.0.2.1/lib/libjavafx_font.dylib
0x00007ff813046000 	/System/Library/PrivateFrameworks/login.framework/Versions/A/login
0x00007ffb1c5b1000 	/usr/lib/libRosetta.dylib
0x00007ff8182bf000 	/System/Library/PrivateFrameworks/SystemAdministration.framework/Versions/A/SystemAdministration
0x00007ff813c9d000 	/System/Library/Frameworks/MediaToolbox.framework/Versions/A/MediaToolbox
0x00007ff817bc4000 	/System/Library/Frameworks/DirectoryService.framework/Versions/A/DirectoryService
0x00007ff81b4c3000 	/System/Library/PrivateFrameworks/DiskImages.framework/Versions/A/DiskImages
0x00007ff8113bf000 	/System/Library/Frameworks/ServiceManagement.framework/Versions/A/ServiceManagement
0x00007ff81b69c000 	/System/Library/PrivateFrameworks/LoginUIKit.framework/Versions/A/Frameworks/LoginUICore.framework/Versions/A/LoginUICore
0x00007ff8131f4000 	/usr/lib/libodfde.dylib
0x00007ff819399000 	/System/Library/PrivateFrameworks/CoreAVCHD.framework/Versions/A/CoreAVCHD
0x00007ff818283000 	/System/Library/Frameworks/MediaAccessibility.framework/Versions/A/MediaAccessibility
0x00007ff819395000 	/System/Library/PrivateFrameworks/Mangrove.framework/Versions/A/Mangrove
0x00007ff81828e000 	/System/Library/PrivateFrameworks/AlgosScoreFramework.framework/Versions/A/AlgosScoreFramework
0x00007ffb0714f000 	/System/Library/PrivateFrameworks/CMPhoto.framework/Versions/A/CMPhoto
0x00007ff819ee9000 	/System/Library/PrivateFrameworks/AppleVPA.framework/Versions/A/AppleVPA
0x00007ff818fda000 	/System/Library/PrivateFrameworks/CoreAUC.framework/Versions/A/CoreAUC
0x00007ff81b630000 	/usr/lib/libcurl.4.dylib
0x00007ff81b38f000 	/usr/lib/libcrypto.44.dylib
0x00007ff81b496000 	/usr/lib/libssl.46.dylib
0x00007ff81b355000 	/System/Library/Frameworks/LDAP.framework/Versions/A/LDAP
0x00007ff81b38d000 	/System/Library/PrivateFrameworks/TrustEvaluationAgent.framework/Versions/A/TrustEvaluationAgent
0x00007ff814b18000 	/usr/lib/libsasl2.2.dylib
0x00007ff8182b3000 	/System/Library/PrivateFrameworks/CoreDaemon.framework/Versions/B/CoreDaemon
0x00007ff8182ae000 	/System/Library/PrivateFrameworks/AppleSRP.framework/Versions/A/AppleSRP


VM Arguments:
jvm_args: --module-path=/Users/NielsRHolm/Desktop/dev/prog/Java/Libraries/JavaFx/javafx-sdk-14.0.2.1/lib --add-modules=javafx.base,javafx.fxml,javafx.controls,javafx.graphics,javafx.media --add-modules=javafx.base,javafx.graphics --add-reads=javafx.base=ALL-UNNAMED --add-reads=javafx.graphics=ALL-UNNAMED -Djava.library.path=/Users/NielsRHolm/Desktop/dev/prog/Java/Libraries/javafx-sdk-17.0.1/lib -javaagent:/Applications/IntelliJ IDEA.app/Contents/lib/idea_rt.jar=50835:/Applications/IntelliJ IDEA.app/Contents/bin -Dfile.encoding=UTF-8 
java_command: Main.Main
java_class_path (initial): /Users/NielsRHolm/Desktop/DistApps_02148/TetrisBattle/out/production/TetrisBattle:/Users/NielsRHolm/Desktop/DistApps_02148/TetrisBattle/jspace.jar:/Users/NielsRHolm/Desktop/dev/prog/Java/Libraries/javafx-sdk-17.0.1/lib/javafx-swt.jar:/Users/NielsRHolm/Desktop/dev/prog/Java/Libraries/javafx-sdk-17.0.1/lib/javafx.web.jar:/Users/NielsRHolm/Desktop/dev/prog/Java/Libraries/javafx-sdk-17.0.1/lib/javafx.base.jar:/Users/NielsRHolm/Desktop/dev/prog/Java/Libraries/javafx-sdk-17.0.1/lib/javafx.fxml.jar:/Users/NielsRHolm/Desktop/dev/prog/Java/Libraries/javafx-sdk-17.0.1/lib/javafx.media.jar:/Users/NielsRHolm/Desktop/dev/prog/Java/Libraries/javafx-sdk-17.0.1/lib/javafx.swing.jar:/Users/NielsRHolm/Desktop/dev/prog/Java/Libraries/javafx-sdk-17.0.1/lib/javafx.controls.jar:/Users/NielsRHolm/Desktop/dev/prog/Java/Libraries/javafx-sdk-17.0.1/lib/javafx.graphics.jar
Launcher Type: SUN_STANDARD

[Global flags]
     intx CICompilerCount                          = 3                                         {product} {ergonomic}
     uint ConcGCThreads                            = 1                                         {product} {ergonomic}
     uint G1ConcRefinementThreads                  = 4                                         {product} {ergonomic}
   size_t G1HeapRegionSize                         = 1048576                                   {product} {ergonomic}
    uintx GCDrainStackTargetSize                   = 64                                        {product} {ergonomic}
   size_t InitialHeapSize                          = 134217728                                 {product} {ergonomic}
   size_t MarkStackSize                            = 4194304                                   {product} {ergonomic}
   size_t MaxHeapSize                              = 2147483648                                {product} {ergonomic}
   size_t MaxNewSize                               = 1287651328                                {product} {ergonomic}
   size_t MinHeapDeltaBytes                        = 1048576                                   {product} {ergonomic}
   size_t MinHeapSize                              = 8388608                                   {product} {ergonomic}
    uintx NonNMethodCodeHeapSize                   = 5832780                                {pd product} {ergonomic}
    uintx NonProfiledCodeHeapSize                  = 122912730                              {pd product} {ergonomic}
    uintx ProfiledCodeHeapSize                     = 122912730                              {pd product} {ergonomic}
    uintx ReservedCodeCacheSize                    = 251658240                              {pd product} {ergonomic}
     bool SegmentedCodeCache                       = true                                      {product} {ergonomic}
   size_t SoftMaxHeapSize                          = 2147483648                             {manageable} {ergonomic}
     bool UseCompressedClassPointers               = true                                 {lp64_product} {ergonomic}
     bool UseCompressedOops                        = true                                 {lp64_product} {ergonomic}
     bool UseG1GC                                  = true                                      {product} {ergonomic}

Logging:
Log output configuration:
 #0: stdout all=warning uptime,level,tags
 #1: stderr all=off uptime,level,tags

Environment Variables:
PATH=/Library/Frameworks/Python.framework/Versions/3.10/bin:/opt/local/bin:/opt/local/sbin:/anaconda3/bin:/Library/Frameworks/Python.framework/Versions/3.6/bin:/Library/Frameworks/Python.framework/Versions/3.6/bin:/usr/local/bin:/usr/bin:/bin:/usr/sbin:/sbin:/usr/local/go/bin:/usr/local/share/dotnet:~/.dotnet/tools:/Library/Frameworks/Mono.framework/Versions/Current/Commands:/Applications/Xamarin Workbooks.app/Contents/SharedSupport/path-bin
SHELL=/bin/bash

Signal Handlers:
SIGSEGV: [libjvm.dylib+0x7415b8], sa_mask[0]=11111111011111110111111111111111, sa_flags=SA_ONSTACK|SA_RESTART|SA_SIGINFO
SIGBUS: [libjvm.dylib+0x7415b8], sa_mask[0]=11111111011111110111111111111111, sa_flags=SA_RESTART|SA_SIGINFO
SIGFPE: [libjvm.dylib+0x7415b8], sa_mask[0]=11111111011111110111111111111111, sa_flags=SA_RESTART|SA_SIGINFO
SIGPIPE: [libjvm.dylib+0x5eb4b1], sa_mask[0]=11111111011111110111111111111111, sa_flags=SA_RESTART|SA_SIGINFO
SIGXFSZ: [libjvm.dylib+0x5eb4b1], sa_mask[0]=11111111011111110111111111111111, sa_flags=SA_RESTART|SA_SIGINFO
SIGILL: [libjvm.dylib+0x7415b8], sa_mask[0]=11111111011111110111111111111111, sa_flags=SA_RESTART|SA_SIGINFO
SIGUSR2: [libjvm.dylib+0x5eba83], sa_mask[0]=00100000000000000000000000000000, sa_flags=SA_RESTART|SA_SIGINFO
SIGHUP: [libjvm.dylib+0x5eaae5], sa_mask[0]=11111111011111110111111111111111, sa_flags=SA_RESTART|SA_SIGINFO
SIGINT: [libjvm.dylib+0x5eaae5], sa_mask[0]=11111111011111110111111111111111, sa_flags=SA_RESTART|SA_SIGINFO
SIGTERM: [libjvm.dylib+0x5eaae5], sa_mask[0]=11111111011111110111111111111111, sa_flags=SA_RESTART|SA_SIGINFO
SIGQUIT: [libjvm.dylib+0x5eaae5], sa_mask[0]=11111111011111110111111111111111, sa_flags=SA_RESTART|SA_SIGINFO


---------------  S Y S T E M  ---------------

OS:uname:Darwin 21.1.0 Darwin Kernel Version 21.1.0: Wed Oct 13 17:33:23 PDT 2021; root:xnu-8019.41.5~1/RELEASE_X86_64 x86_64
OS uptime: 0 days 23:56 hours
rlimit: STACK 8192k, CORE 0k, NPROC 1392, NOFILE 10240, AS infinity, DATA infinity, FSIZE infinity
load average:23.78 13.98 11.39

CPU:total 4 (initial active 4) (2 cores per cpu, 2 threads per core) family 6 model 61 stepping 4, cmov, cx8, fxsr, mmx, sse, sse2, sse3, ssse3, sse4.1, sse4.2, popcnt, avx, avx2, aes, clmul, erms, 3dnowpref, lzcnt, ht, tsc, tscinvbit, bmi1, bmi2, adx, fma

Memory: 4k page, physical 8388608k(37852k free), swap 1048576k(759808k free)

vm_info: Java HotSpot(TM) 64-Bit Server VM (14.0.2+12-46) for bsd-amd64 JRE (14.0.2+12-46), built on Jul  8 2020 23:32:31 by "mach5one" with clang 4.2.1 Compatible Apple LLVM 10.0.0 (clang-1000.11.45.5)

END.
